[0.920s] DEBUG:colcon:Command line arguments: ['/usr/bin/colcon', 'build']
[0.920s] DEBUG:colcon:Parsed command line arguments: Namespace(log_base=None, log_level=None, verb_name='build', build_base='build', install_base='install', merge_install=False, symlink_install=False, test_result_base=None, continue_on_error=False, executor='parallel', parallel_workers=8, event_handlers=None, ignore_user_meta=False, metas=['./colcon.meta'], base_paths=['.'], packages_ignore=None, packages_ignore_regex=None, paths=None, packages_up_to=None, packages_up_to_regex=None, packages_above=None, packages_above_and_dependencies=None, packages_above_depth=None, packages_select_by_dep=None, packages_skip_by_dep=None, packages_skip_up_to=None, packages_select_build_failed=False, packages_skip_build_finished=False, packages_select_test_failures=False, packages_skip_test_passed=False, packages_select=None, packages_skip=None, packages_select_regex=None, packages_skip_regex=None, packages_start=None, packages_end=None, allow_overriding=[], cmake_args=None, cmake_target=None, cmake_target_skip_unavailable=False, cmake_clean_cache=False, cmake_clean_first=False, cmake_force_configure=False, ament_cmake_args=None, catkin_cmake_args=None, catkin_skip_building_tests=False, verb_parser=<colcon_defaults.argument_parser.defaults.DefaultArgumentsDecorator object at 0x7f0292516440>, verb_extension=<colcon_core.verb.build.BuildVerb object at 0x7f02927f1810>, main=<bound method BuildVerb.main of <colcon_core.verb.build.BuildVerb object at 0x7f02927f1810>>)
[0.972s] Level 1:colcon.colcon_core.package_discovery:discover_packages(colcon_meta) check parameters
[0.973s] Level 1:colcon.colcon_core.package_discovery:discover_packages(recursive) check parameters
[0.973s] Level 1:colcon.colcon_core.package_discovery:discover_packages(ignore) check parameters
[0.973s] Level 1:colcon.colcon_core.package_discovery:discover_packages(path) check parameters
[0.973s] Level 1:colcon.colcon_core.package_discovery:discover_packages(colcon_meta) discover
[0.973s] Level 1:colcon.colcon_core.package_discovery:discover_packages(recursive) discover
[0.973s] INFO:colcon.colcon_core.package_discovery:Crawling recursively for packages in '/home/yujiro22/ros2_ws'
[0.973s] Level 1:colcon.colcon_core.package_identification:_identify(.) by extensions ['ignore', 'ignore_ament_install']
[0.973s] Level 1:colcon.colcon_core.package_identification:_identify(.) by extension 'ignore'
[0.973s] Level 1:colcon.colcon_core.package_identification:_identify(.) by extension 'ignore_ament_install'
[0.973s] Level 1:colcon.colcon_core.package_identification:_identify(.) by extensions ['colcon_pkg']
[0.973s] Level 1:colcon.colcon_core.package_identification:_identify(.) by extension 'colcon_pkg'
[0.974s] Level 1:colcon.colcon_core.package_identification:_identify(.) by extensions ['colcon_meta']
[0.974s] Level 1:colcon.colcon_core.package_identification:_identify(.) by extension 'colcon_meta'
[0.974s] Level 1:colcon.colcon_core.package_identification:_identify(.) by extensions ['ros']
[0.974s] Level 1:colcon.colcon_core.package_identification:_identify(.) by extension 'ros'
[0.987s] Level 1:colcon.colcon_core.package_identification:_identify(.) by extensions ['cmake', 'python']
[0.987s] Level 1:colcon.colcon_core.package_identification:_identify(.) by extension 'cmake'
[0.987s] Level 1:colcon.colcon_core.package_identification:_identify(.) by extension 'python'
[0.987s] Level 1:colcon.colcon_core.package_identification:_identify(.) by extensions ['python_setup_py']
[0.987s] Level 1:colcon.colcon_core.package_identification:_identify(.) by extension 'python_setup_py'
[0.987s] Level 1:colcon.colcon_core.package_identification:_identify(build) by extensions ['ignore', 'ignore_ament_install']
[0.987s] Level 1:colcon.colcon_core.package_identification:_identify(build) by extension 'ignore'
[0.987s] Level 1:colcon.colcon_core.package_identification:_identify(build) ignored
[0.987s] Level 1:colcon.colcon_core.package_identification:_identify(install) by extensions ['ignore', 'ignore_ament_install']
[0.987s] Level 1:colcon.colcon_core.package_identification:_identify(install) by extension 'ignore'
[0.987s] Level 1:colcon.colcon_core.package_identification:_identify(install) ignored
[0.987s] Level 1:colcon.colcon_core.package_identification:_identify(log) by extensions ['ignore', 'ignore_ament_install']
[0.987s] Level 1:colcon.colcon_core.package_identification:_identify(log) by extension 'ignore'
[0.987s] Level 1:colcon.colcon_core.package_identification:_identify(log) ignored
[0.987s] Level 1:colcon.colcon_core.package_identification:_identify(src) by extensions ['ignore', 'ignore_ament_install']
[0.987s] Level 1:colcon.colcon_core.package_identification:_identify(src) by extension 'ignore'
[0.987s] Level 1:colcon.colcon_core.package_identification:_identify(src) by extension 'ignore_ament_install'
[0.988s] Level 1:colcon.colcon_core.package_identification:_identify(src) by extensions ['colcon_pkg']
[0.988s] Level 1:colcon.colcon_core.package_identification:_identify(src) by extension 'colcon_pkg'
[0.988s] Level 1:colcon.colcon_core.package_identification:_identify(src) by extensions ['colcon_meta']
[0.988s] Level 1:colcon.colcon_core.package_identification:_identify(src) by extension 'colcon_meta'
[0.988s] Level 1:colcon.colcon_core.package_identification:_identify(src) by extensions ['ros']
[0.988s] Level 1:colcon.colcon_core.package_identification:_identify(src) by extension 'ros'
[0.988s] Level 1:colcon.colcon_core.package_identification:_identify(src) by extensions ['cmake', 'python']
[0.988s] Level 1:colcon.colcon_core.package_identification:_identify(src) by extension 'cmake'
[0.988s] Level 1:colcon.colcon_core.package_identification:_identify(src) by extension 'python'
[0.988s] Level 1:colcon.colcon_core.package_identification:_identify(src) by extensions ['python_setup_py']
[0.988s] Level 1:colcon.colcon_core.package_identification:_identify(src) by extension 'python_setup_py'
[0.988s] Level 1:colcon.colcon_core.package_identification:_identify(src/mypkg) by extensions ['ignore', 'ignore_ament_install']
[0.988s] Level 1:colcon.colcon_core.package_identification:_identify(src/mypkg) by extension 'ignore'
[0.988s] Level 1:colcon.colcon_core.package_identification:_identify(src/mypkg) by extension 'ignore_ament_install'
[0.988s] Level 1:colcon.colcon_core.package_identification:_identify(src/mypkg) by extensions ['colcon_pkg']
[0.988s] Level 1:colcon.colcon_core.package_identification:_identify(src/mypkg) by extension 'colcon_pkg'
[0.988s] Level 1:colcon.colcon_core.package_identification:_identify(src/mypkg) by extensions ['colcon_meta']
[0.988s] Level 1:colcon.colcon_core.package_identification:_identify(src/mypkg) by extension 'colcon_meta'
[0.988s] Level 1:colcon.colcon_core.package_identification:_identify(src/mypkg) by extensions ['ros']
[0.988s] Level 1:colcon.colcon_core.package_identification:_identify(src/mypkg) by extension 'ros'
[0.993s] DEBUG:colcon.colcon_core.package_identification:Package 'src/mypkg' with type 'ros.ament_python' and name 'mypkg'
[0.993s] Level 1:colcon.colcon_core.package_discovery:discover_packages(recursive) using defaults
[0.993s] Level 1:colcon.colcon_core.package_discovery:discover_packages(ignore) discover
[0.993s] Level 1:colcon.colcon_core.package_discovery:discover_packages(ignore) using defaults
[0.993s] Level 1:colcon.colcon_core.package_discovery:discover_packages(path) discover
[0.993s] Level 1:colcon.colcon_core.package_discovery:discover_packages(path) using defaults
[1.067s] Level 1:colcon.colcon_core.package_discovery:discover_packages(prefix_path) check parameters
[1.067s] Level 1:colcon.colcon_core.package_discovery:discover_packages(prefix_path) discover
[1.082s] DEBUG:colcon.colcon_installed_package_information.package_discovery:Found 2 installed packages in /home/yujiro22/ros2_ws/install
[1.092s] DEBUG:colcon.colcon_installed_package_information.package_discovery:Found 270 installed packages in /opt/ros/humble
[1.094s] Level 1:colcon.colcon_core.package_discovery:discover_packages(prefix_path) using defaults
[1.178s] Level 5:colcon.colcon_core.verb:set package 'mypkg' build argument 'cmake_args' from command line to 'None'
[1.178s] Level 5:colcon.colcon_core.verb:set package 'mypkg' build argument 'cmake_target' from command line to 'None'
[1.178s] Level 5:colcon.colcon_core.verb:set package 'mypkg' build argument 'cmake_target_skip_unavailable' from command line to 'False'
[1.178s] Level 5:colcon.colcon_core.verb:set package 'mypkg' build argument 'cmake_clean_cache' from command line to 'False'
[1.178s] Level 5:colcon.colcon_core.verb:set package 'mypkg' build argument 'cmake_clean_first' from command line to 'False'
[1.178s] Level 5:colcon.colcon_core.verb:set package 'mypkg' build argument 'cmake_force_configure' from command line to 'False'
[1.178s] Level 5:colcon.colcon_core.verb:set package 'mypkg' build argument 'ament_cmake_args' from command line to 'None'
[1.179s] Level 5:colcon.colcon_core.verb:set package 'mypkg' build argument 'catkin_cmake_args' from command line to 'None'
[1.179s] Level 5:colcon.colcon_core.verb:set package 'mypkg' build argument 'catkin_skip_building_tests' from command line to 'False'
[1.179s] DEBUG:colcon.colcon_core.verb:Building package 'mypkg' with the following arguments: {'ament_cmake_args': None, 'build_base': '/home/yujiro22/ros2_ws/build/mypkg', 'catkin_cmake_args': None, 'catkin_skip_building_tests': False, 'cmake_args': None, 'cmake_clean_cache': False, 'cmake_clean_first': False, 'cmake_force_configure': False, 'cmake_target': None, 'cmake_target_skip_unavailable': False, 'install_base': '/home/yujiro22/ros2_ws/install/mypkg', 'merge_install': False, 'path': '/home/yujiro22/ros2_ws/src/mypkg', 'symlink_install': False, 'test_result_base': None}
[1.185s] INFO:colcon.colcon_core.executor:Executing jobs using 'parallel' executor
[1.195s] DEBUG:colcon.colcon_parallel_executor.executor.parallel:run_until_complete
[1.196s] INFO:colcon.colcon_ros.task.ament_python.build:Building ROS package in '/home/yujiro22/ros2_ws/src/mypkg' with build type 'ament_python'
[1.196s] Level 1:colcon.colcon_core.shell:create_environment_hook('mypkg', 'ament_prefix_path')
[1.208s] INFO:colcon.colcon_core.plugin_system:Skipping extension 'colcon_core.shell.bat': Not used on non-Windows systems
[1.208s] INFO:colcon.colcon_core.shell:Creating environment hook '/home/yujiro22/ros2_ws/install/mypkg/share/mypkg/hook/ament_prefix_path.ps1'
[1.209s] INFO:colcon.colcon_core.shell:Creating environment descriptor '/home/yujiro22/ros2_ws/install/mypkg/share/mypkg/hook/ament_prefix_path.dsv'
[1.209s] INFO:colcon.colcon_core.shell:Creating environment hook '/home/yujiro22/ros2_ws/install/mypkg/share/mypkg/hook/ament_prefix_path.sh'
[1.220s] INFO:colcon.colcon_core.shell:Skip shell extension 'powershell' for command environment: Not usable outside of PowerShell
[1.220s] DEBUG:colcon.colcon_core.shell:Skip shell extension 'dsv' for command environment
[1.441s] INFO:colcon.colcon_core.task.python.build:Building Python package in '/home/yujiro22/ros2_ws/src/mypkg'
[1.448s] INFO:colcon.colcon_core.shell:Skip shell extension 'powershell' for command environment: Not usable outside of PowerShell
[1.448s] DEBUG:colcon.colcon_core.shell:Skip shell extension 'dsv' for command environment
[1.708s] DEBUG:colcon.colcon_core.event_handler.log_command:Invoking command in '/home/yujiro22/ros2_ws/src/mypkg': PYTHONPATH=/home/yujiro22/ros2_ws/build/mypkg/prefix_override:/home/yujiro22/ros2_ws/install/mypkg/lib/python3.10/site-packages:${PYTHONPATH} /usr/bin/python3 setup.py egg_info --egg-base ../../build/mypkg build --build-base /home/yujiro22/ros2_ws/build/mypkg/build install --record /home/yujiro22/ros2_ws/build/mypkg/install.log --single-version-externally-managed
[1.903s] DEBUG:colcon.colcon_core.event_handler.log_command:Invoked command in '/home/yujiro22/ros2_ws/src/mypkg' returned '0': PYTHONPATH=/home/yujiro22/ros2_ws/build/mypkg/prefix_override:/home/yujiro22/ros2_ws/install/mypkg/lib/python3.10/site-packages:${PYTHONPATH} /usr/bin/python3 setup.py egg_info --egg-base ../../build/mypkg build --build-base /home/yujiro22/ros2_ws/build/mypkg/build install --record /home/yujiro22/ros2_ws/build/mypkg/install.log --single-version-externally-managed
[1.916s] Level 1:colcon.colcon_core.environment:checking '/home/yujiro22/ros2_ws/install/mypkg' for CMake module files
[1.916s] Level 1:colcon.colcon_core.environment:checking '/home/yujiro22/ros2_ws/install/mypkg' for CMake config files
[1.917s] Level 1:colcon.colcon_core.environment:checking '/home/yujiro22/ros2_ws/install/mypkg/lib'
[1.917s] Level 1:colcon.colcon_core.environment:checking '/home/yujiro22/ros2_ws/install/mypkg/bin'
[1.917s] Level 1:colcon.colcon_core.environment:checking '/home/yujiro22/ros2_ws/install/mypkg/lib/pkgconfig/mypkg.pc'
[1.917s] Level 1:colcon.colcon_core.environment:checking '/home/yujiro22/ros2_ws/install/mypkg/lib/python3.10/site-packages'
[1.918s] Level 1:colcon.colcon_core.shell:create_environment_hook('mypkg', 'pythonpath')
[1.928s] INFO:colcon.colcon_core.shell:Creating environment hook '/home/yujiro22/ros2_ws/install/mypkg/share/mypkg/hook/pythonpath.ps1'
[1.929s] INFO:colcon.colcon_core.shell:Creating environment descriptor '/home/yujiro22/ros2_ws/install/mypkg/share/mypkg/hook/pythonpath.dsv'
[1.930s] INFO:colcon.colcon_core.shell:Creating environment hook '/home/yujiro22/ros2_ws/install/mypkg/share/mypkg/hook/pythonpath.sh'
[1.931s] Level 1:colcon.colcon_core.environment:checking '/home/yujiro22/ros2_ws/install/mypkg/bin'
[1.932s] Level 1:colcon.colcon_core.environment:create_environment_scripts_only(mypkg)
[1.941s] INFO:colcon.colcon_core.shell:Creating package script '/home/yujiro22/ros2_ws/install/mypkg/share/mypkg/package.ps1'
[1.942s] INFO:colcon.colcon_core.shell:Creating package descriptor '/home/yujiro22/ros2_ws/install/mypkg/share/mypkg/package.dsv'
[1.943s] INFO:colcon.colcon_core.shell:Creating package script '/home/yujiro22/ros2_ws/install/mypkg/share/mypkg/package.sh'
[1.945s] INFO:colcon.colcon_core.shell:Creating package script '/home/yujiro22/ros2_ws/install/mypkg/share/mypkg/package.bash'
[1.946s] INFO:colcon.colcon_core.shell:Creating package script '/home/yujiro22/ros2_ws/install/mypkg/share/mypkg/package.zsh'
[1.947s] Level 1:colcon.colcon_core.environment:create_file_with_runtime_dependencies(/home/yujiro22/ros2_ws/install/mypkg/share/colcon-core/packages/mypkg)
[1.948s] DEBUG:colcon.colcon_parallel_executor.executor.parallel:closing loop
[1.949s] DEBUG:colcon.colcon_parallel_executor.executor.parallel:loop closed
[1.949s] DEBUG:colcon.colcon_parallel_executor.executor.parallel:run_until_complete finished with '0'
[1.949s] DEBUG:colcon.colcon_core.event_reactor:joining thread
[2.020s] INFO:colcon.colcon_core.plugin_system:Skipping extension 'colcon_notification.desktop_notification.notify_send': Could not find 'notify-send'
[2.021s] INFO:colcon.colcon_core.plugin_system:Skipping extension 'colcon_notification.desktop_notification.terminal_notifier': Not used on non-Darwin systems
[2.021s] INFO:colcon.colcon_core.plugin_system:Skipping extension 'colcon_notification.desktop_notification.win32': Not used on non-Windows systems
[2.021s] INFO:colcon.colcon_notification.desktop_notification:Sending desktop notification using 'notify2'
[2.036s] DEBUG:colcon.colcon_notification.desktop_notification.notify2:Failed to initialize notify2: org.freedesktop.DBus.Error.ServiceUnknown: The name org.freedesktop.Notifications was not provided by any .service files
[2.037s] DEBUG:colcon.colcon_core.event_reactor:joined thread
[2.044s] INFO:colcon.colcon_core.shell:Creating prefix script '/home/yujiro22/ros2_ws/install/local_setup.ps1'
[2.045s] INFO:colcon.colcon_core.shell:Creating prefix util module '/home/yujiro22/ros2_ws/install/_local_setup_util_ps1.py'
[2.047s] INFO:colcon.colcon_core.shell:Creating prefix chain script '/home/yujiro22/ros2_ws/install/setup.ps1'
[2.055s] INFO:colcon.colcon_core.shell:Creating prefix script '/home/yujiro22/ros2_ws/install/local_setup.sh'
[2.056s] INFO:colcon.colcon_core.shell:Creating prefix util module '/home/yujiro22/ros2_ws/install/_local_setup_util_sh.py'
[2.056s] INFO:colcon.colcon_core.shell:Creating prefix chain script '/home/yujiro22/ros2_ws/install/setup.sh'
[2.063s] INFO:colcon.colcon_core.shell:Creating prefix script '/home/yujiro22/ros2_ws/install/local_setup.bash'
[2.064s] INFO:colcon.colcon_core.shell:Creating prefix chain script '/home/yujiro22/ros2_ws/install/setup.bash'
[2.071s] INFO:colcon.colcon_core.shell:Creating prefix script '/home/yujiro22/ros2_ws/install/local_setup.zsh'
[2.072s] INFO:colcon.colcon_core.shell:Creating prefix chain script '/home/yujiro22/ros2_ws/install/setup.zsh'
