[0.801s] Invoking command in '/home/yujiro22/ros2_ws/src/mypkg': PYTHONPATH=/home/yujiro22/ros2_ws/build/mypkg/prefix_override:/home/yujiro22/ros2_ws/install/mypkg/lib/python3.10/site-packages:${PYTHONPATH} /usr/bin/python3 setup.py egg_info --egg-base ../../build/mypkg build --build-base /home/yujiro22/ros2_ws/build/mypkg/build install --record /home/yujiro22/ros2_ws/build/mypkg/install.log --single-version-externally-managed
[1.082s] running egg_info
[1.082s] writing ../../build/mypkg/mypkg.egg-info/PKG-INFO
[1.084s] writing dependency_links to ../../build/mypkg/mypkg.egg-info/dependency_links.txt
[1.084s] writing entry points to ../../build/mypkg/mypkg.egg-info/entry_points.txt
[1.084s] writing requirements to ../../build/mypkg/mypkg.egg-info/requires.txt
[1.084s] writing top-level names to ../../build/mypkg/mypkg.egg-info/top_level.txt
[1.085s] reading manifest file '../../build/mypkg/mypkg.egg-info/SOURCES.txt'
[1.086s] writing manifest file '../../build/mypkg/mypkg.egg-info/SOURCES.txt'
[1.086s] running build
[1.087s] running build_py
[1.087s] copying mypkg/talker.py -> /home/yujiro22/ros2_ws/build/mypkg/build/lib/mypkg
[1.088s] running install
[1.088s] /usr/lib/python3/dist-packages/setuptools/command/install.py:34: SetuptoolsDeprecationWarning: setup.py install is deprecated. Use build and pip and other standards-based tools.
[1.088s]   warnings.warn(
[1.088s] running install_lib
[1.089s] copying /home/yujiro22/ros2_ws/build/mypkg/build/lib/mypkg/talker.py -> /home/yujiro22/ros2_ws/install/mypkg/lib/python3.10/site-packages/mypkg
[1.089s] byte-compiling /home/yujiro22/ros2_ws/install/mypkg/lib/python3.10/site-packages/mypkg/talker.py to talker.cpython-310.pyc
[1.090s] running install_data
[1.091s] running install_egg_info
[1.092s] removing '/home/yujiro22/ros2_ws/install/mypkg/lib/python3.10/site-packages/mypkg-0.0.0-py3.10.egg-info' (and everything under it)
[1.093s] Copying ../../build/mypkg/mypkg.egg-info to /home/yujiro22/ros2_ws/install/mypkg/lib/python3.10/site-packages/mypkg-0.0.0-py3.10.egg-info
[1.094s] running install_scripts
[1.118s] Installing listener script to /home/yujiro22/ros2_ws/install/mypkg/lib/mypkg
[1.119s] Installing talker script to /home/yujiro22/ros2_ws/install/mypkg/lib/mypkg
[1.119s] writing list of installed files to '/home/yujiro22/ros2_ws/build/mypkg/install.log'
[1.205s] Invoked command in '/home/yujiro22/ros2_ws/src/mypkg' returned '0': PYTHONPATH=/home/yujiro22/ros2_ws/build/mypkg/prefix_override:/home/yujiro22/ros2_ws/install/mypkg/lib/python3.10/site-packages:${PYTHONPATH} /usr/bin/python3 setup.py egg_info --egg-base ../../build/mypkg build --build-base /home/yujiro22/ros2_ws/build/mypkg/build install --record /home/yujiro22/ros2_ws/build/mypkg/install.log --single-version-externally-managed
