[0.730s] Invoking command in '/home/yujiro22/ros2_ws/src/mypkg': PYTHONPATH=/home/yujiro22/ros2_ws/build/mypkg/prefix_override:/home/yujiro22/ros2_ws/install/mypkg/lib/python3.10/site-packages:${PYTHONPATH} /usr/bin/python3 setup.py egg_info --egg-base ../../build/mypkg build --build-base /home/yujiro22/ros2_ws/build/mypkg/build install --record /home/yujiro22/ros2_ws/build/mypkg/install.log --single-version-externally-managed
[0.988s] running egg_info
[0.988s] writing ../../build/mypkg/mypkg.egg-info/PKG-INFO
[0.988s] writing dependency_links to ../../build/mypkg/mypkg.egg-info/dependency_links.txt
[0.989s] writing entry points to ../../build/mypkg/mypkg.egg-info/entry_points.txt
[0.989s] writing requirements to ../../build/mypkg/mypkg.egg-info/requires.txt
[0.990s] writing top-level names to ../../build/mypkg/mypkg.egg-info/top_level.txt
[0.992s] reading manifest file '../../build/mypkg/mypkg.egg-info/SOURCES.txt'
[0.993s] writing manifest file '../../build/mypkg/mypkg.egg-info/SOURCES.txt'
[0.994s] running build
[0.994s] running build_py
[0.994s] running install
[0.995s] /usr/lib/python3/dist-packages/setuptools/command/install.py:34: SetuptoolsDeprecationWarning: setup.py install is deprecated. Use build and pip and other standards-based tools.
[0.995s]   warnings.warn(
[0.995s] running install_lib
[0.997s] running install_data
[0.998s] running install_egg_info
[1.000s] removing '/home/yujiro22/ros2_ws/install/mypkg/lib/python3.10/site-packages/mypkg-0.0.0-py3.10.egg-info' (and everything under it)
[1.000s] Copying ../../build/mypkg/mypkg.egg-info to /home/yujiro22/ros2_ws/install/mypkg/lib/python3.10/site-packages/mypkg-0.0.0-py3.10.egg-info
[1.001s] running install_scripts
[1.035s] Installing listener script to /home/yujiro22/ros2_ws/install/mypkg/lib/mypkg
[1.036s] Installing talker script to /home/yujiro22/ros2_ws/install/mypkg/lib/mypkg
[1.036s] writing list of installed files to '/home/yujiro22/ros2_ws/build/mypkg/install.log'
[1.059s] Invoked command in '/home/yujiro22/ros2_ws/src/mypkg' returned '0': PYTHONPATH=/home/yujiro22/ros2_ws/build/mypkg/prefix_override:/home/yujiro22/ros2_ws/install/mypkg/lib/python3.10/site-packages:${PYTHONPATH} /usr/bin/python3 setup.py egg_info --egg-base ../../build/mypkg build --build-base /home/yujiro22/ros2_ws/build/mypkg/build install --record /home/yujiro22/ros2_ws/build/mypkg/install.log --single-version-externally-managed
