[0.411s] Invoking command in '/home/yujiro22/ros2_ws/src/mypkg': PYTHONPATH=/home/yujiro22/ros2_ws/build/mypkg/prefix_override:/home/yujiro22/ros2_ws/install/mypkg/lib/python3.10/site-packages:${PYTHONPATH} /usr/bin/python3 setup.py egg_info --egg-base ../../build/mypkg build --build-base /home/yujiro22/ros2_ws/build/mypkg/build install --record /home/yujiro22/ros2_ws/build/mypkg/install.log --single-version-externally-managed
[0.526s] running egg_info
[0.527s] writing ../../build/mypkg/mypkg.egg-info/PKG-INFO
[0.527s] writing dependency_links to ../../build/mypkg/mypkg.egg-info/dependency_links.txt
[0.527s] writing entry points to ../../build/mypkg/mypkg.egg-info/entry_points.txt
[0.527s] writing requirements to ../../build/mypkg/mypkg.egg-info/requires.txt
[0.527s] writing top-level names to ../../build/mypkg/mypkg.egg-info/top_level.txt
[0.528s] reading manifest file '../../build/mypkg/mypkg.egg-info/SOURCES.txt'
[0.528s] writing manifest file '../../build/mypkg/mypkg.egg-info/SOURCES.txt'
[0.528s] running build
[0.529s] running build_py
[0.529s] copying mypkg/talker.py -> /home/yujiro22/ros2_ws/build/mypkg/build/lib/mypkg
[0.529s] running install
[0.529s] running install_lib
[0.530s] /usr/lib/python3/dist-packages/setuptools/command/install.py:34: SetuptoolsDeprecationWarning: setup.py install is deprecated. Use build and pip and other standards-based tools.
[0.530s]   warnings.warn(
[0.530s] copying /home/yujiro22/ros2_ws/build/mypkg/build/lib/mypkg/talker.py -> /home/yujiro22/ros2_ws/install/mypkg/lib/python3.10/site-packages/mypkg
[0.530s] byte-compiling /home/yujiro22/ros2_ws/install/mypkg/lib/python3.10/site-packages/mypkg/talker.py to talker.cpython-310.pyc
[0.531s] running install_data
[0.531s] running install_egg_info
[0.532s] removing '/home/yujiro22/ros2_ws/install/mypkg/lib/python3.10/site-packages/mypkg-0.0.0-py3.10.egg-info' (and everything under it)
[0.532s] Copying ../../build/mypkg/mypkg.egg-info to /home/yujiro22/ros2_ws/install/mypkg/lib/python3.10/site-packages/mypkg-0.0.0-py3.10.egg-info
[0.533s] running install_scripts
[0.546s] Installing talker script to /home/yujiro22/ros2_ws/install/mypkg/lib/mypkg
[0.546s] writing list of installed files to '/home/yujiro22/ros2_ws/build/mypkg/install.log'
[0.564s] Invoked command in '/home/yujiro22/ros2_ws/src/mypkg' returned '0': PYTHONPATH=/home/yujiro22/ros2_ws/build/mypkg/prefix_override:/home/yujiro22/ros2_ws/install/mypkg/lib/python3.10/site-packages:${PYTHONPATH} /usr/bin/python3 setup.py egg_info --egg-base ../../build/mypkg build --build-base /home/yujiro22/ros2_ws/build/mypkg/build install --record /home/yujiro22/ros2_ws/build/mypkg/install.log --single-version-externally-managed
