[0.315s] Invoking command in '/home/yujiro22/ros2_ws/build/person_msgs': CMAKE_PREFIX_PATH=${CMAKE_PREFIX_PATH}:/home/yujiro22/ros2_ws/install/mypkg:/opt/ros/humble /usr/bin/cmake --build /home/yujiro22/ros2_ws/build/person_msgs -- -j8 -l8
[0.370s] -- Found ament_cmake: 1.3.5 (/opt/ros/humble/share/ament_cmake/cmake)
[0.559s] -- Found rosidl_default_generators: 1.2.0 (/opt/ros/humble/share/rosidl_default_generators/cmake)
[0.561s] -- Using all available rosidl_typesupport_c: rosidl_typesupport_fastrtps_c;rosidl_typesupport_introspection_c
[0.565s] -- Found rosidl_adapter: 3.1.5 (/opt/ros/humble/share/rosidl_adapter/cmake)
[0.908s] -- Using all available rosidl_typesupport_cpp: rosidl_typesupport_fastrtps_cpp;rosidl_typesupport_introspection_cpp
[1.185s] -- Found ament_cmake_ros: 0.10.0 (/opt/ros/humble/share/ament_cmake_ros/cmake)
[1.338s] -- Using all available rosidl_typesupport_c: rosidl_typesupport_fastrtps_c;rosidl_typesupport_introspection_c
[1.613s] -- Using all available rosidl_typesupport_cpp: rosidl_typesupport_fastrtps_cpp;rosidl_typesupport_introspection_cpp
[1.634s] -- Found python_cmake_module: 0.10.0 (/opt/ros/humble/share/python_cmake_module/cmake)
[1.718s] -- Using PYTHON_EXECUTABLE: /usr/bin/python3
[1.718s] -- Using PYTHON_INCLUDE_DIRS: /usr/include/python3.10
[1.718s] -- Using PYTHON_LIBRARIES: /usr/lib/x86_64-linux-gnu/libpython3.10.so
[1.730s] -- Found ament_lint_auto: 0.12.8 (/opt/ros/humble/share/ament_lint_auto/cmake)
[1.744s] -- Added test 'lint_cmake' to check CMake code style
[1.745s] -- Added test 'xmllint' to check XML markup files
[1.750s] -- Configuring done
[1.807s] -- Generating done
[1.815s] -- Build files have been written to: /home/yujiro22/ros2_ws/build/person_msgs
[1.842s] [35m[1mConsolidate compiler generated dependencies of target person_msgs__rosidl_generator_c[0m
[1.855s] [  3%] Built target person_msgs__cpp
[1.858s] [ 12%] Built target person_msgs__rosidl_generator_c
[1.870s] [35m[1mConsolidate compiler generated dependencies of target person_msgs__rosidl_typesupport_fastrtps_cpp[0m
[1.870s] [35m[1mConsolidate compiler generated dependencies of target person_msgs__rosidl_typesupport_cpp[0m
[1.870s] [35m[1mConsolidate compiler generated dependencies of target person_msgs__rosidl_typesupport_introspection_cpp[0m
[1.871s] [ 12%] Built target ament_cmake_python_copy_person_msgs
[1.873s] [35m[1mConsolidate compiler generated dependencies of target person_msgs__rosidl_typesupport_introspection_c[0m
[1.876s] [35m[1mConsolidate compiler generated dependencies of target person_msgs__rosidl_typesupport_c[0m
[1.876s] [35m[1mConsolidate compiler generated dependencies of target person_msgs__rosidl_typesupport_fastrtps_c[0m
[1.887s] [ 25%] Built target person_msgs__rosidl_typesupport_introspection_cpp
[1.887s] [ 32%] Built target person_msgs__rosidl_typesupport_introspection_c
[1.887s] [ 48%] Built target person_msgs__rosidl_typesupport_cpp
[1.888s] [ 51%] Built target person_msgs__rosidl_typesupport_fastrtps_cpp
[1.889s] [ 61%] Built target person_msgs__rosidl_typesupport_c
[1.892s] [ 70%] Built target person_msgs__rosidl_typesupport_fastrtps_c
[1.914s] [ 70%] Built target person_msgs
[1.943s] [ 74%] Built target person_msgs__py
[1.957s] [35m[1mConsolidate compiler generated dependencies of target person_msgs__rosidl_generator_py[0m
[1.971s] [ 77%] [32mBuilding C object CMakeFiles/person_msgs__rosidl_generator_py.dir/rosidl_generator_py/person_msgs/msg/_person_s.c.o[0m
[2.148s] running egg_info
[2.150s] writing person_msgs.egg-info/PKG-INFO
[2.150s] writing dependency_links to person_msgs.egg-info/dependency_links.txt
[2.151s] writing top-level names to person_msgs.egg-info/top_level.txt
[2.156s] reading manifest file 'person_msgs.egg-info/SOURCES.txt'
[2.157s] writing manifest file 'person_msgs.egg-info/SOURCES.txt'
[2.185s] [ 77%] Built target ament_cmake_python_build_person_msgs_egg
[2.211s] [ 80%] [32m[1mLinking C shared library rosidl_generator_py/person_msgs/libperson_msgs__rosidl_generator_py.so[0m
[2.478s] [ 80%] Built target person_msgs__rosidl_generator_py
[2.489s] [35m[1mConsolidate compiler generated dependencies of target person_msgs__rosidl_typesupport_fastrtps_c__pyext[0m
[2.490s] [35m[1mConsolidate compiler generated dependencies of target person_msgs__rosidl_typesupport_c__pyext[0m
[2.490s] [35m[1mConsolidate compiler generated dependencies of target person_msgs__rosidl_typesupport_introspection_c__pyext[0m
[2.502s] [ 83%] [32mBuilding C object CMakeFiles/person_msgs__rosidl_typesupport_fastrtps_c__pyext.dir/rosidl_generator_py/person_msgs/_person_msgs_s.ep.rosidl_typesupport_fastrtps_c.c.o[0m
[2.504s] [ 87%] [32mBuilding C object CMakeFiles/person_msgs__rosidl_typesupport_c__pyext.dir/rosidl_generator_py/person_msgs/_person_msgs_s.ep.rosidl_typesupport_c.c.o[0m
[2.506s] [ 90%] [32mBuilding C object CMakeFiles/person_msgs__rosidl_typesupport_introspection_c__pyext.dir/rosidl_generator_py/person_msgs/_person_msgs_s.ep.rosidl_typesupport_introspection_c.c.o[0m
[2.680s] [100%] [32m[1mLinking C shared library rosidl_generator_py/person_msgs/person_msgs_s__rosidl_typesupport_c.cpython-310-x86_64-linux-gnu.so[0m
[2.680s] [100%] [32m[1mLinking C shared library rosidl_generator_py/person_msgs/person_msgs_s__rosidl_typesupport_fastrtps_c.cpython-310-x86_64-linux-gnu.so[0m
[2.680s] [100%] [32m[1mLinking C shared library rosidl_generator_py/person_msgs/person_msgs_s__rosidl_typesupport_introspection_c.cpython-310-x86_64-linux-gnu.so[0m
[2.798s] [100%] Built target person_msgs__rosidl_typesupport_introspection_c__pyext
[2.814s] [100%] Built target person_msgs__rosidl_typesupport_c__pyext
[2.822s] [100%] Built target person_msgs__rosidl_typesupport_fastrtps_c__pyext
[2.861s] Invoked command in '/home/yujiro22/ros2_ws/build/person_msgs' returned '0': CMAKE_PREFIX_PATH=${CMAKE_PREFIX_PATH}:/home/yujiro22/ros2_ws/install/mypkg:/opt/ros/humble /usr/bin/cmake --build /home/yujiro22/ros2_ws/build/person_msgs -- -j8 -l8
[2.929s] Invoking command in '/home/yujiro22/ros2_ws/build/person_msgs': CMAKE_PREFIX_PATH=${CMAKE_PREFIX_PATH}:/home/yujiro22/ros2_ws/install/mypkg:/opt/ros/humble /usr/bin/cmake --install /home/yujiro22/ros2_ws/build/person_msgs
[2.937s] -- Install configuration: ""
[2.937s] -- Up-to-date: /home/yujiro22/ros2_ws/install/person_msgs/share/ament_index/resource_index/rosidl_interfaces/person_msgs
[2.937s] -- Up-to-date: /home/yujiro22/ros2_ws/install/person_msgs/include/person_msgs/person_msgs
[2.937s] -- Up-to-date: /home/yujiro22/ros2_ws/install/person_msgs/include/person_msgs/person_msgs/msg
[2.938s] -- Up-to-date: /home/yujiro22/ros2_ws/install/person_msgs/include/person_msgs/person_msgs/msg/person.h
[2.938s] -- Up-to-date: /home/yujiro22/ros2_ws/install/person_msgs/include/person_msgs/person_msgs/msg/rosidl_generator_c__visibility_control.h
[2.938s] -- Up-to-date: /home/yujiro22/ros2_ws/install/person_msgs/include/person_msgs/person_msgs/msg/detail
[2.938s] -- Up-to-date: /home/yujiro22/ros2_ws/install/person_msgs/include/person_msgs/person_msgs/msg/detail/person__functions.c
[2.938s] -- Up-to-date: /home/yujiro22/ros2_ws/install/person_msgs/include/person_msgs/person_msgs/msg/detail/person__type_support.h
[2.938s] -- Up-to-date: /home/yujiro22/ros2_ws/install/person_msgs/include/person_msgs/person_msgs/msg/detail/person__functions.h
[2.939s] -- Up-to-date: /home/yujiro22/ros2_ws/install/person_msgs/include/person_msgs/person_msgs/msg/detail/person__struct.h
[2.939s] -- Up-to-date: /home/yujiro22/ros2_ws/install/person_msgs/share/person_msgs/environment/library_path.sh
[2.939s] -- Installing: /home/yujiro22/ros2_ws/install/person_msgs/share/person_msgs/environment/library_path.dsv
[2.939s] -- Up-to-date: /home/yujiro22/ros2_ws/install/person_msgs/lib/libperson_msgs__rosidl_generator_c.so
[2.939s] -- Up-to-date: /home/yujiro22/ros2_ws/install/person_msgs/include/person_msgs/person_msgs
[2.940s] -- Up-to-date: /home/yujiro22/ros2_ws/install/person_msgs/include/person_msgs/person_msgs/msg
[2.940s] -- Up-to-date: /home/yujiro22/ros2_ws/install/person_msgs/include/person_msgs/person_msgs/msg/rosidl_typesupport_fastrtps_c__visibility_control.h
[2.940s] -- Up-to-date: /home/yujiro22/ros2_ws/install/person_msgs/include/person_msgs/person_msgs/msg/detail
[2.940s] -- Up-to-date: /home/yujiro22/ros2_ws/install/person_msgs/include/person_msgs/person_msgs/msg/detail/person__rosidl_typesupport_fastrtps_c.h
[2.941s] -- Up-to-date: /home/yujiro22/ros2_ws/install/person_msgs/lib/libperson_msgs__rosidl_typesupport_fastrtps_c.so
[2.941s] -- Up-to-date: /home/yujiro22/ros2_ws/install/person_msgs/include/person_msgs/person_msgs
[2.941s] -- Up-to-date: /home/yujiro22/ros2_ws/install/person_msgs/include/person_msgs/person_msgs/msg
[2.941s] -- Up-to-date: /home/yujiro22/ros2_ws/install/person_msgs/include/person_msgs/person_msgs/msg/rosidl_typesupport_introspection_c__visibility_control.h
[2.941s] -- Up-to-date: /home/yujiro22/ros2_ws/install/person_msgs/include/person_msgs/person_msgs/msg/detail
[2.942s] -- Up-to-date: /home/yujiro22/ros2_ws/install/person_msgs/include/person_msgs/person_msgs/msg/detail/person__type_support.c
[2.942s] -- Up-to-date: /home/yujiro22/ros2_ws/install/person_msgs/include/person_msgs/person_msgs/msg/detail/person__rosidl_typesupport_introspection_c.h
[2.942s] -- Up-to-date: /home/yujiro22/ros2_ws/install/person_msgs/lib/libperson_msgs__rosidl_typesupport_introspection_c.so
[2.942s] -- Up-to-date: /home/yujiro22/ros2_ws/install/person_msgs/lib/libperson_msgs__rosidl_typesupport_c.so
[2.943s] -- Up-to-date: /home/yujiro22/ros2_ws/install/person_msgs/include/person_msgs/person_msgs
[2.943s] -- Up-to-date: /home/yujiro22/ros2_ws/install/person_msgs/include/person_msgs/person_msgs/msg
[2.943s] -- Up-to-date: /home/yujiro22/ros2_ws/install/person_msgs/include/person_msgs/person_msgs/msg/person.hpp
[2.943s] -- Up-to-date: /home/yujiro22/ros2_ws/install/person_msgs/include/person_msgs/person_msgs/msg/detail
[2.943s] -- Up-to-date: /home/yujiro22/ros2_ws/install/person_msgs/include/person_msgs/person_msgs/msg/detail/person__builder.hpp
[2.944s] -- Up-to-date: /home/yujiro22/ros2_ws/install/person_msgs/include/person_msgs/person_msgs/msg/detail/person__traits.hpp
[2.944s] -- Up-to-date: /home/yujiro22/ros2_ws/install/person_msgs/include/person_msgs/person_msgs/msg/detail/person__struct.hpp
[2.944s] -- Up-to-date: /home/yujiro22/ros2_ws/install/person_msgs/include/person_msgs/person_msgs
[2.944s] -- Up-to-date: /home/yujiro22/ros2_ws/install/person_msgs/include/person_msgs/person_msgs/msg
[2.944s] -- Up-to-date: /home/yujiro22/ros2_ws/install/person_msgs/include/person_msgs/person_msgs/msg/rosidl_typesupport_fastrtps_cpp__visibility_control.h
[2.945s] -- Up-to-date: /home/yujiro22/ros2_ws/install/person_msgs/include/person_msgs/person_msgs/msg/detail
[2.945s] -- Up-to-date: /home/yujiro22/ros2_ws/install/person_msgs/include/person_msgs/person_msgs/msg/detail/dds_fastrtps
[2.945s] -- Up-to-date: /home/yujiro22/ros2_ws/install/person_msgs/include/person_msgs/person_msgs/msg/detail/person__rosidl_typesupport_fastrtps_cpp.hpp
[2.945s] -- Up-to-date: /home/yujiro22/ros2_ws/install/person_msgs/lib/libperson_msgs__rosidl_typesupport_fastrtps_cpp.so
[2.945s] -- Up-to-date: /home/yujiro22/ros2_ws/install/person_msgs/include/person_msgs/person_msgs
[2.946s] -- Up-to-date: /home/yujiro22/ros2_ws/install/person_msgs/include/person_msgs/person_msgs/msg
[2.946s] -- Up-to-date: /home/yujiro22/ros2_ws/install/person_msgs/include/person_msgs/person_msgs/msg/detail
[2.946s] -- Up-to-date: /home/yujiro22/ros2_ws/install/person_msgs/include/person_msgs/person_msgs/msg/detail/person__rosidl_typesupport_introspection_cpp.hpp
[2.946s] -- Up-to-date: /home/yujiro22/ros2_ws/install/person_msgs/include/person_msgs/person_msgs/msg/detail/person__type_support.cpp
[2.946s] -- Up-to-date: /home/yujiro22/ros2_ws/install/person_msgs/lib/libperson_msgs__rosidl_typesupport_introspection_cpp.so
[2.946s] -- Up-to-date: /home/yujiro22/ros2_ws/install/person_msgs/lib/libperson_msgs__rosidl_typesupport_cpp.so
[2.946s] -- Up-to-date: /home/yujiro22/ros2_ws/install/person_msgs/share/person_msgs/environment/pythonpath.sh
[2.946s] -- Installing: /home/yujiro22/ros2_ws/install/person_msgs/share/person_msgs/environment/pythonpath.dsv
[2.946s] -- Up-to-date: /home/yujiro22/ros2_ws/install/person_msgs/local/lib/python3.10/dist-packages/person_msgs-0.0.0-py3.10.egg-info
[2.946s] -- Installing: /home/yujiro22/ros2_ws/install/person_msgs/local/lib/python3.10/dist-packages/person_msgs-0.0.0-py3.10.egg-info/top_level.txt
[2.946s] -- Installing: /home/yujiro22/ros2_ws/install/person_msgs/local/lib/python3.10/dist-packages/person_msgs-0.0.0-py3.10.egg-info/dependency_links.txt
[2.946s] -- Installing: /home/yujiro22/ros2_ws/install/person_msgs/local/lib/python3.10/dist-packages/person_msgs-0.0.0-py3.10.egg-info/SOURCES.txt
[2.946s] -- Installing: /home/yujiro22/ros2_ws/install/person_msgs/local/lib/python3.10/dist-packages/person_msgs-0.0.0-py3.10.egg-info/PKG-INFO
[2.946s] -- Up-to-date: /home/yujiro22/ros2_ws/install/person_msgs/local/lib/python3.10/dist-packages/person_msgs
[2.946s] -- Installing: /home/yujiro22/ros2_ws/install/person_msgs/local/lib/python3.10/dist-packages/person_msgs/libperson_msgs__rosidl_generator_py.so
[2.946s] -- Up-to-date: /home/yujiro22/ros2_ws/install/person_msgs/local/lib/python3.10/dist-packages/person_msgs/_person_msgs_s.ep.rosidl_typesupport_introspection_c.c
[2.946s] -- Up-to-date: /home/yujiro22/ros2_ws/install/person_msgs/local/lib/python3.10/dist-packages/person_msgs/_person_msgs_s.ep.rosidl_typesupport_c.c
[2.947s] -- Installing: /home/yujiro22/ros2_ws/install/person_msgs/local/lib/python3.10/dist-packages/person_msgs/person_msgs_s__rosidl_typesupport_fastrtps_c.cpython-310-x86_64-linux-gnu.so
[2.947s] -- Up-to-date: /home/yujiro22/ros2_ws/install/person_msgs/local/lib/python3.10/dist-packages/person_msgs/msg
[2.947s] -- Installing: /home/yujiro22/ros2_ws/install/person_msgs/local/lib/python3.10/dist-packages/person_msgs/msg/_person.py
[2.947s] -- Installing: /home/yujiro22/ros2_ws/install/person_msgs/local/lib/python3.10/dist-packages/person_msgs/msg/_person_s.c
[2.947s] -- Installing: /home/yujiro22/ros2_ws/install/person_msgs/local/lib/python3.10/dist-packages/person_msgs/msg/__init__.py
[2.947s] -- Installing: /home/yujiro22/ros2_ws/install/person_msgs/local/lib/python3.10/dist-packages/person_msgs/person_msgs_s__rosidl_typesupport_introspection_c.cpython-310-x86_64-linux-gnu.so
[2.947s] -- Installing: /home/yujiro22/ros2_ws/install/person_msgs/local/lib/python3.10/dist-packages/person_msgs/person_msgs_s__rosidl_typesupport_c.cpython-310-x86_64-linux-gnu.so
[2.947s] -- Up-to-date: /home/yujiro22/ros2_ws/install/person_msgs/local/lib/python3.10/dist-packages/person_msgs/_person_msgs_s.ep.rosidl_typesupport_fastrtps_c.c
[2.947s] -- Installing: /home/yujiro22/ros2_ws/install/person_msgs/local/lib/python3.10/dist-packages/person_msgs/__init__.py
[2.983s] Listing '/home/yujiro22/ros2_ws/install/person_msgs/local/lib/python3.10/dist-packages/person_msgs'...
[2.983s] Compiling '/home/yujiro22/ros2_ws/install/person_msgs/local/lib/python3.10/dist-packages/person_msgs/__init__.py'...
[2.983s] Listing '/home/yujiro22/ros2_ws/install/person_msgs/local/lib/python3.10/dist-packages/person_msgs/msg'...
[2.984s] Compiling '/home/yujiro22/ros2_ws/install/person_msgs/local/lib/python3.10/dist-packages/person_msgs/msg/__init__.py'...
[2.984s] Compiling '/home/yujiro22/ros2_ws/install/person_msgs/local/lib/python3.10/dist-packages/person_msgs/msg/_person.py'...
[2.989s] -- Installing: /home/yujiro22/ros2_ws/install/person_msgs/local/lib/python3.10/dist-packages/person_msgs/person_msgs_s__rosidl_typesupport_fastrtps_c.cpython-310-x86_64-linux-gnu.so
[2.990s] -- Set runtime path of "/home/yujiro22/ros2_ws/install/person_msgs/local/lib/python3.10/dist-packages/person_msgs/person_msgs_s__rosidl_typesupport_fastrtps_c.cpython-310-x86_64-linux-gnu.so" to ""
[2.990s] -- Installing: /home/yujiro22/ros2_ws/install/person_msgs/local/lib/python3.10/dist-packages/person_msgs/person_msgs_s__rosidl_typesupport_introspection_c.cpython-310-x86_64-linux-gnu.so
[2.990s] -- Set runtime path of "/home/yujiro22/ros2_ws/install/person_msgs/local/lib/python3.10/dist-packages/person_msgs/person_msgs_s__rosidl_typesupport_introspection_c.cpython-310-x86_64-linux-gnu.so" to ""
[2.991s] -- Installing: /home/yujiro22/ros2_ws/install/person_msgs/local/lib/python3.10/dist-packages/person_msgs/person_msgs_s__rosidl_typesupport_c.cpython-310-x86_64-linux-gnu.so
[2.991s] -- Set runtime path of "/home/yujiro22/ros2_ws/install/person_msgs/local/lib/python3.10/dist-packages/person_msgs/person_msgs_s__rosidl_typesupport_c.cpython-310-x86_64-linux-gnu.so" to ""
[2.991s] -- Installing: /home/yujiro22/ros2_ws/install/person_msgs/lib/libperson_msgs__rosidl_generator_py.so
[2.992s] -- Set runtime path of "/home/yujiro22/ros2_ws/install/person_msgs/lib/libperson_msgs__rosidl_generator_py.so" to ""
[2.992s] -- Up-to-date: /home/yujiro22/ros2_ws/install/person_msgs/share/person_msgs/msg/Person.idl
[2.992s] -- Up-to-date: /home/yujiro22/ros2_ws/install/person_msgs/share/person_msgs/msg/Person.msg
[2.993s] -- Up-to-date: /home/yujiro22/ros2_ws/install/person_msgs/share/ament_index/resource_index/package_run_dependencies/person_msgs
[2.993s] -- Installing: /home/yujiro22/ros2_ws/install/person_msgs/share/ament_index/resource_index/parent_prefix_path/person_msgs
[2.993s] -- Up-to-date: /home/yujiro22/ros2_ws/install/person_msgs/share/person_msgs/environment/ament_prefix_path.sh
[2.993s] -- Installing: /home/yujiro22/ros2_ws/install/person_msgs/share/person_msgs/environment/ament_prefix_path.dsv
[2.993s] -- Up-to-date: /home/yujiro22/ros2_ws/install/person_msgs/share/person_msgs/environment/path.sh
[2.994s] -- Installing: /home/yujiro22/ros2_ws/install/person_msgs/share/person_msgs/environment/path.dsv
[2.994s] -- Up-to-date: /home/yujiro22/ros2_ws/install/person_msgs/share/person_msgs/local_setup.bash
[2.994s] -- Up-to-date: /home/yujiro22/ros2_ws/install/person_msgs/share/person_msgs/local_setup.sh
[2.995s] -- Up-to-date: /home/yujiro22/ros2_ws/install/person_msgs/share/person_msgs/local_setup.zsh
[2.995s] -- Installing: /home/yujiro22/ros2_ws/install/person_msgs/share/person_msgs/local_setup.dsv
[2.995s] -- Installing: /home/yujiro22/ros2_ws/install/person_msgs/share/person_msgs/package.dsv
[2.995s] -- Up-to-date: /home/yujiro22/ros2_ws/install/person_msgs/share/ament_index/resource_index/packages/person_msgs
[2.996s] -- Up-to-date: /home/yujiro22/ros2_ws/install/person_msgs/share/person_msgs/cmake/export_person_msgs__rosidl_generator_cExport.cmake
[2.996s] -- Up-to-date: /home/yujiro22/ros2_ws/install/person_msgs/share/person_msgs/cmake/export_person_msgs__rosidl_generator_cExport-noconfig.cmake
[2.996s] -- Up-to-date: /home/yujiro22/ros2_ws/install/person_msgs/share/person_msgs/cmake/export_person_msgs__rosidl_typesupport_fastrtps_cExport.cmake
[2.997s] -- Up-to-date: /home/yujiro22/ros2_ws/install/person_msgs/share/person_msgs/cmake/export_person_msgs__rosidl_typesupport_fastrtps_cExport-noconfig.cmake
[2.997s] -- Up-to-date: /home/yujiro22/ros2_ws/install/person_msgs/share/person_msgs/cmake/person_msgs__rosidl_typesupport_introspection_cExport.cmake
[2.997s] -- Up-to-date: /home/yujiro22/ros2_ws/install/person_msgs/share/person_msgs/cmake/person_msgs__rosidl_typesupport_introspection_cExport-noconfig.cmake
[2.997s] -- Up-to-date: /home/yujiro22/ros2_ws/install/person_msgs/share/person_msgs/cmake/person_msgs__rosidl_typesupport_cExport.cmake
[2.998s] -- Up-to-date: /home/yujiro22/ros2_ws/install/person_msgs/share/person_msgs/cmake/person_msgs__rosidl_typesupport_cExport-noconfig.cmake
[2.998s] -- Up-to-date: /home/yujiro22/ros2_ws/install/person_msgs/share/person_msgs/cmake/export_person_msgs__rosidl_generator_cppExport.cmake
[2.998s] -- Up-to-date: /home/yujiro22/ros2_ws/install/person_msgs/share/person_msgs/cmake/export_person_msgs__rosidl_typesupport_fastrtps_cppExport.cmake
[2.998s] -- Up-to-date: /home/yujiro22/ros2_ws/install/person_msgs/share/person_msgs/cmake/export_person_msgs__rosidl_typesupport_fastrtps_cppExport-noconfig.cmake
[2.999s] -- Up-to-date: /home/yujiro22/ros2_ws/install/person_msgs/share/person_msgs/cmake/person_msgs__rosidl_typesupport_introspection_cppExport.cmake
[2.999s] -- Up-to-date: /home/yujiro22/ros2_ws/install/person_msgs/share/person_msgs/cmake/person_msgs__rosidl_typesupport_introspection_cppExport-noconfig.cmake
[2.999s] -- Up-to-date: /home/yujiro22/ros2_ws/install/person_msgs/share/person_msgs/cmake/person_msgs__rosidl_typesupport_cppExport.cmake
[2.999s] -- Up-to-date: /home/yujiro22/ros2_ws/install/person_msgs/share/person_msgs/cmake/person_msgs__rosidl_typesupport_cppExport-noconfig.cmake
[2.999s] -- Up-to-date: /home/yujiro22/ros2_ws/install/person_msgs/share/person_msgs/cmake/export_person_msgs__rosidl_generator_pyExport.cmake
[2.999s] -- Up-to-date: /home/yujiro22/ros2_ws/install/person_msgs/share/person_msgs/cmake/export_person_msgs__rosidl_generator_pyExport-noconfig.cmake
[3.000s] -- Up-to-date: /home/yujiro22/ros2_ws/install/person_msgs/share/person_msgs/cmake/rosidl_cmake-extras.cmake
[3.000s] -- Up-to-date: /home/yujiro22/ros2_ws/install/person_msgs/share/person_msgs/cmake/ament_cmake_export_include_directories-extras.cmake
[3.000s] -- Up-to-date: /home/yujiro22/ros2_ws/install/person_msgs/share/person_msgs/cmake/ament_cmake_export_libraries-extras.cmake
[3.001s] -- Up-to-date: /home/yujiro22/ros2_ws/install/person_msgs/share/person_msgs/cmake/ament_cmake_export_targets-extras.cmake
[3.001s] -- Up-to-date: /home/yujiro22/ros2_ws/install/person_msgs/share/person_msgs/cmake/rosidl_cmake_export_typesupport_targets-extras.cmake
[3.001s] -- Up-to-date: /home/yujiro22/ros2_ws/install/person_msgs/share/person_msgs/cmake/ament_cmake_export_dependencies-extras.cmake
[3.001s] -- Up-to-date: /home/yujiro22/ros2_ws/install/person_msgs/share/person_msgs/cmake/rosidl_cmake_export_typesupport_libraries-extras.cmake
[3.002s] -- Up-to-date: /home/yujiro22/ros2_ws/install/person_msgs/share/person_msgs/cmake/person_msgsConfig.cmake
[3.002s] -- Up-to-date: /home/yujiro22/ros2_ws/install/person_msgs/share/person_msgs/cmake/person_msgsConfig-version.cmake
[3.002s] -- Up-to-date: /home/yujiro22/ros2_ws/install/person_msgs/share/person_msgs/package.xml
[3.004s] Invoked command in '/home/yujiro22/ros2_ws/build/person_msgs' returned '0': CMAKE_PREFIX_PATH=${CMAKE_PREFIX_PATH}:/home/yujiro22/ros2_ws/install/mypkg:/opt/ros/humble /usr/bin/cmake --install /home/yujiro22/ros2_ws/build/person_msgs
