[0.801s] Invoking command in '/home/yujiro22/ros2_ws/src/mypkg': PYTHONPATH=/home/yujiro22/ros2_ws/build/mypkg/prefix_override:/home/yujiro22/ros2_ws/install/mypkg/lib/python3.10/site-packages:${PYTHONPATH} /usr/bin/python3 setup.py egg_info --egg-base ../../build/mypkg build --build-base /home/yujiro22/ros2_ws/build/mypkg/build install --record /home/yujiro22/ros2_ws/build/mypkg/install.log --single-version-externally-managed
[1.035s] running egg_info
[1.035s] writing ../../build/mypkg/mypkg.egg-info/PKG-INFO
[1.035s] writing dependency_links to ../../build/mypkg/mypkg.egg-info/dependency_links.txt
[1.036s] writing entry points to ../../build/mypkg/mypkg.egg-info/entry_points.txt
[1.037s] writing requirements to ../../build/mypkg/mypkg.egg-info/requires.txt
[1.037s] writing top-level names to ../../build/mypkg/mypkg.egg-info/top_level.txt
[1.039s] reading manifest file '../../build/mypkg/mypkg.egg-info/SOURCES.txt'
[1.039s] writing manifest file '../../build/mypkg/mypkg.egg-info/SOURCES.txt'
[1.041s] running build
[1.041s] running build_py
[1.042s] copying mypkg/listener.py -> /home/yujiro22/ros2_ws/build/mypkg/build/lib/mypkg
[1.042s] running install
[1.042s] running install_lib
[1.042s] /usr/lib/python3/dist-packages/setuptools/command/install.py:34: SetuptoolsDeprecationWarning: setup.py install is deprecated. Use build and pip and other standards-based tools.
[1.043s]   warnings.warn(
[1.043s] copying /home/yujiro22/ros2_ws/build/mypkg/build/lib/mypkg/listener.py -> /home/yujiro22/ros2_ws/install/mypkg/lib/python3.10/site-packages/mypkg
[1.043s] byte-compiling /home/yujiro22/ros2_ws/install/mypkg/lib/python3.10/site-packages/mypkg/listener.py to listener.cpython-310.pyc
[1.043s] running install_data
[1.043s] running install_egg_info
[1.045s] removing '/home/yujiro22/ros2_ws/install/mypkg/lib/python3.10/site-packages/mypkg-0.0.0-py3.10.egg-info' (and everything under it)
[1.047s] Copying ../../build/mypkg/mypkg.egg-info to /home/yujiro22/ros2_ws/install/mypkg/lib/python3.10/site-packages/mypkg-0.0.0-py3.10.egg-info
[1.048s] running install_scripts
[1.071s] Installing listener script to /home/yujiro22/ros2_ws/install/mypkg/lib/mypkg
[1.072s] Installing talker script to /home/yujiro22/ros2_ws/install/mypkg/lib/mypkg
[1.072s] writing list of installed files to '/home/yujiro22/ros2_ws/build/mypkg/install.log'
[1.097s] Invoked command in '/home/yujiro22/ros2_ws/src/mypkg' returned '0': PYTHONPATH=/home/yujiro22/ros2_ws/build/mypkg/prefix_override:/home/yujiro22/ros2_ws/install/mypkg/lib/python3.10/site-packages:${PYTHONPATH} /usr/bin/python3 setup.py egg_info --egg-base ../../build/mypkg build --build-base /home/yujiro22/ros2_ws/build/mypkg/build install --record /home/yujiro22/ros2_ws/build/mypkg/install.log --single-version-externally-managed
