[0.765s] Invoking command in '/home/yujiro22/ros2_ws/src/mypkg': PYTHONPATH=/home/yujiro22/ros2_ws/build/mypkg/prefix_override:/home/yujiro22/ros2_ws/install/mypkg/lib/python3.10/site-packages:${PYTHONPATH} /usr/bin/python3 setup.py egg_info --egg-base ../../build/mypkg build --build-base /home/yujiro22/ros2_ws/build/mypkg/build install --record /home/yujiro22/ros2_ws/build/mypkg/install.log --single-version-externally-managed
[1.047s] running egg_info
[1.047s] writing ../../build/mypkg/mypkg.egg-info/PKG-INFO
[1.048s] writing dependency_links to ../../build/mypkg/mypkg.egg-info/dependency_links.txt
[1.048s] writing entry points to ../../build/mypkg/mypkg.egg-info/entry_points.txt
[1.048s] writing requirements to ../../build/mypkg/mypkg.egg-info/requires.txt
[1.048s] writing top-level names to ../../build/mypkg/mypkg.egg-info/top_level.txt
[1.050s] reading manifest file '../../build/mypkg/mypkg.egg-info/SOURCES.txt'
[1.051s] writing manifest file '../../build/mypkg/mypkg.egg-info/SOURCES.txt'
[1.051s] running build
[1.051s] running build_py
[1.052s] copying mypkg/talker.py -> /home/yujiro22/ros2_ws/build/mypkg/build/lib/mypkg
[1.052s] copying mypkg/listener.py -> /home/yujiro22/ros2_ws/build/mypkg/build/lib/mypkg
[1.052s] running install
[1.053s] /usr/lib/python3/dist-packages/setuptools/command/install.py:34: SetuptoolsDeprecationWarning: setup.py install is deprecated. Use build and pip and other standards-based tools.
[1.053s]   warnings.warn(
[1.053s] running install_lib
[1.053s] copying /home/yujiro22/ros2_ws/build/mypkg/build/lib/mypkg/talker.py -> /home/yujiro22/ros2_ws/install/mypkg/lib/python3.10/site-packages/mypkg
[1.054s] copying /home/yujiro22/ros2_ws/build/mypkg/build/lib/mypkg/listener.py -> /home/yujiro22/ros2_ws/install/mypkg/lib/python3.10/site-packages/mypkg
[1.054s] byte-compiling /home/yujiro22/ros2_ws/install/mypkg/lib/python3.10/site-packages/mypkg/talker.py to talker.cpython-310.pyc
[1.055s] byte-compiling /home/yujiro22/ros2_ws/install/mypkg/lib/python3.10/site-packages/mypkg/listener.py to listener.cpython-310.pyc
[1.056s] running install_data
[1.056s] running install_egg_info
[1.059s] removing '/home/yujiro22/ros2_ws/install/mypkg/lib/python3.10/site-packages/mypkg-0.0.0-py3.10.egg-info' (and everything under it)
[1.059s] Copying ../../build/mypkg/mypkg.egg-info to /home/yujiro22/ros2_ws/install/mypkg/lib/python3.10/site-packages/mypkg-0.0.0-py3.10.egg-info
[1.061s] running install_scripts
[1.083s] Installing listener script to /home/yujiro22/ros2_ws/install/mypkg/lib/mypkg
[1.084s] Installing talker script to /home/yujiro22/ros2_ws/install/mypkg/lib/mypkg
[1.084s] writing list of installed files to '/home/yujiro22/ros2_ws/build/mypkg/install.log'
[1.112s] Invoked command in '/home/yujiro22/ros2_ws/src/mypkg' returned '0': PYTHONPATH=/home/yujiro22/ros2_ws/build/mypkg/prefix_override:/home/yujiro22/ros2_ws/install/mypkg/lib/python3.10/site-packages:${PYTHONPATH} /usr/bin/python3 setup.py egg_info --egg-base ../../build/mypkg build --build-base /home/yujiro22/ros2_ws/build/mypkg/build install --record /home/yujiro22/ros2_ws/build/mypkg/install.log --single-version-externally-managed
