[0.897s] DEBUG:colcon:Command line arguments: ['/usr/bin/colcon', 'build']
[0.897s] DEBUG:colcon:Parsed command line arguments: Namespace(log_base=None, log_level=None, verb_name='build', build_base='build', install_base='install', merge_install=False, symlink_install=False, test_result_base=None, continue_on_error=False, executor='parallel', parallel_workers=8, event_handlers=None, ignore_user_meta=False, metas=['./colcon.meta'], base_paths=['.'], packages_ignore=None, packages_ignore_regex=None, paths=None, packages_up_to=None, packages_up_to_regex=None, packages_above=None, packages_above_and_dependencies=None, packages_above_depth=None, packages_select_by_dep=None, packages_skip_by_dep=None, packages_skip_up_to=None, packages_select_build_failed=False, packages_skip_build_finished=False, packages_select_test_failures=False, packages_skip_test_passed=False, packages_select=None, packages_skip=None, packages_select_regex=None, packages_skip_regex=None, packages_start=None, packages_end=None, allow_overriding=[], cmake_args=None, cmake_target=None, cmake_target_skip_unavailable=False, cmake_clean_cache=False, cmake_clean_first=False, cmake_force_configure=False, ament_cmake_args=None, catkin_cmake_args=None, catkin_skip_building_tests=False, verb_parser=<colcon_defaults.argument_parser.defaults.DefaultArgumentsDecorator object at 0x7f05e8a8f2e0>, verb_extension=<colcon_core.verb.build.BuildVerb object at 0x7f05e8d697e0>, main=<bound method BuildVerb.main of <colcon_core.verb.build.BuildVerb object at 0x7f05e8d697e0>>)
[0.927s] Level 1:colcon.colcon_core.package_discovery:discover_packages(colcon_meta) check parameters
[0.927s] Level 1:colcon.colcon_core.package_discovery:discover_packages(recursive) check parameters
[0.927s] Level 1:colcon.colcon_core.package_discovery:discover_packages(ignore) check parameters
[0.927s] Level 1:colcon.colcon_core.package_discovery:discover_packages(path) check parameters
[0.927s] Level 1:colcon.colcon_core.package_discovery:discover_packages(colcon_meta) discover
[0.927s] Level 1:colcon.colcon_core.package_discovery:discover_packages(recursive) discover
[0.928s] INFO:colcon.colcon_core.package_discovery:Crawling recursively for packages in '/home/yujiro22/ros2_ws'
[0.928s] Level 1:colcon.colcon_core.package_identification:_identify(.) by extensions ['ignore', 'ignore_ament_install']
[0.928s] Level 1:colcon.colcon_core.package_identification:_identify(.) by extension 'ignore'
[0.928s] Level 1:colcon.colcon_core.package_identification:_identify(.) by extension 'ignore_ament_install'
[0.928s] Level 1:colcon.colcon_core.package_identification:_identify(.) by extensions ['colcon_pkg']
[0.928s] Level 1:colcon.colcon_core.package_identification:_identify(.) by extension 'colcon_pkg'
[0.928s] Level 1:colcon.colcon_core.package_identification:_identify(.) by extensions ['colcon_meta']
[0.928s] Level 1:colcon.colcon_core.package_identification:_identify(.) by extension 'colcon_meta'
[0.928s] Level 1:colcon.colcon_core.package_identification:_identify(.) by extensions ['ros']
[0.928s] Level 1:colcon.colcon_core.package_identification:_identify(.) by extension 'ros'
[0.939s] Level 1:colcon.colcon_core.package_identification:_identify(.) by extensions ['cmake', 'python']
[0.939s] Level 1:colcon.colcon_core.package_identification:_identify(.) by extension 'cmake'
[0.939s] Level 1:colcon.colcon_core.package_identification:_identify(.) by extension 'python'
[0.939s] Level 1:colcon.colcon_core.package_identification:_identify(.) by extensions ['python_setup_py']
[0.939s] Level 1:colcon.colcon_core.package_identification:_identify(.) by extension 'python_setup_py'
[0.940s] Level 1:colcon.colcon_core.package_identification:_identify(build) by extensions ['ignore', 'ignore_ament_install']
[0.940s] Level 1:colcon.colcon_core.package_identification:_identify(build) by extension 'ignore'
[0.940s] Level 1:colcon.colcon_core.package_identification:_identify(build) ignored
[0.940s] Level 1:colcon.colcon_core.package_identification:_identify(install) by extensions ['ignore', 'ignore_ament_install']
[0.940s] Level 1:colcon.colcon_core.package_identification:_identify(install) by extension 'ignore'
[0.940s] Level 1:colcon.colcon_core.package_identification:_identify(install) ignored
[0.940s] Level 1:colcon.colcon_core.package_identification:_identify(log) by extensions ['ignore', 'ignore_ament_install']
[0.940s] Level 1:colcon.colcon_core.package_identification:_identify(log) by extension 'ignore'
[0.941s] Level 1:colcon.colcon_core.package_identification:_identify(log) ignored
[0.941s] Level 1:colcon.colcon_core.package_identification:_identify(src) by extensions ['ignore', 'ignore_ament_install']
[0.941s] Level 1:colcon.colcon_core.package_identification:_identify(src) by extension 'ignore'
[0.941s] Level 1:colcon.colcon_core.package_identification:_identify(src) by extension 'ignore_ament_install'
[0.941s] Level 1:colcon.colcon_core.package_identification:_identify(src) by extensions ['colcon_pkg']
[0.941s] Level 1:colcon.colcon_core.package_identification:_identify(src) by extension 'colcon_pkg'
[0.941s] Level 1:colcon.colcon_core.package_identification:_identify(src) by extensions ['colcon_meta']
[0.941s] Level 1:colcon.colcon_core.package_identification:_identify(src) by extension 'colcon_meta'
[0.941s] Level 1:colcon.colcon_core.package_identification:_identify(src) by extensions ['ros']
[0.941s] Level 1:colcon.colcon_core.package_identification:_identify(src) by extension 'ros'
[0.941s] Level 1:colcon.colcon_core.package_identification:_identify(src) by extensions ['cmake', 'python']
[0.941s] Level 1:colcon.colcon_core.package_identification:_identify(src) by extension 'cmake'
[0.941s] Level 1:colcon.colcon_core.package_identification:_identify(src) by extension 'python'
[0.941s] Level 1:colcon.colcon_core.package_identification:_identify(src) by extensions ['python_setup_py']
[0.941s] Level 1:colcon.colcon_core.package_identification:_identify(src) by extension 'python_setup_py'
[0.941s] Level 1:colcon.colcon_core.package_identification:_identify(src/mypkg) by extensions ['ignore', 'ignore_ament_install']
[0.942s] Level 1:colcon.colcon_core.package_identification:_identify(src/mypkg) by extension 'ignore'
[0.942s] Level 1:colcon.colcon_core.package_identification:_identify(src/mypkg) by extension 'ignore_ament_install'
[0.942s] Level 1:colcon.colcon_core.package_identification:_identify(src/mypkg) by extensions ['colcon_pkg']
[0.942s] Level 1:colcon.colcon_core.package_identification:_identify(src/mypkg) by extension 'colcon_pkg'
[0.942s] Level 1:colcon.colcon_core.package_identification:_identify(src/mypkg) by extensions ['colcon_meta']
[0.942s] Level 1:colcon.colcon_core.package_identification:_identify(src/mypkg) by extension 'colcon_meta'
[0.942s] Level 1:colcon.colcon_core.package_identification:_identify(src/mypkg) by extensions ['ros']
[0.942s] Level 1:colcon.colcon_core.package_identification:_identify(src/mypkg) by extension 'ros'
[0.945s] DEBUG:colcon.colcon_core.package_identification:Package 'src/mypkg' with type 'ros.ament_python' and name 'mypkg'
[0.946s] Level 1:colcon.colcon_core.package_identification:_identify(src/person_msgs) by extensions ['ignore', 'ignore_ament_install']
[0.946s] Level 1:colcon.colcon_core.package_identification:_identify(src/person_msgs) by extension 'ignore'
[0.946s] Level 1:colcon.colcon_core.package_identification:_identify(src/person_msgs) by extension 'ignore_ament_install'
[0.946s] Level 1:colcon.colcon_core.package_identification:_identify(src/person_msgs) by extensions ['colcon_pkg']
[0.946s] Level 1:colcon.colcon_core.package_identification:_identify(src/person_msgs) by extension 'colcon_pkg'
[0.946s] Level 1:colcon.colcon_core.package_identification:_identify(src/person_msgs) by extensions ['colcon_meta']
[0.946s] Level 1:colcon.colcon_core.package_identification:_identify(src/person_msgs) by extension 'colcon_meta'
[0.946s] Level 1:colcon.colcon_core.package_identification:_identify(src/person_msgs) by extensions ['ros']
[0.946s] Level 1:colcon.colcon_core.package_identification:_identify(src/person_msgs) by extension 'ros'
[0.947s] DEBUG:colcon.colcon_core.package_identification:Found ROS schema reference in package manifest in 'src/person_msgs'
[0.947s] WARNING:colcon.colcon_core.package_identification:Failed to parse ROS package manifest in 'src/person_msgs': Error(s) in package 'src/person_msgs/package.xml':
The package "person_msgs" must not "exec_depend" on a package with the same name as this package
[0.947s] Level 1:colcon.colcon_core.package_identification:_identify(src/person_msgs) by extensions ['cmake', 'python']
[0.947s] Level 1:colcon.colcon_core.package_identification:_identify(src/person_msgs) by extension 'cmake'
[0.949s] Level 1:colcon.colcon_core.package_identification:_identify(src/person_msgs) by extension 'python'
[0.949s] DEBUG:colcon.colcon_core.package_identification:Package 'src/person_msgs' with type 'cmake' and name 'person_msgs'
[0.949s] Level 1:colcon.colcon_core.package_discovery:discover_packages(recursive) using defaults
[0.949s] Level 1:colcon.colcon_core.package_discovery:discover_packages(ignore) discover
[0.949s] Level 1:colcon.colcon_core.package_discovery:discover_packages(ignore) using defaults
[0.949s] Level 1:colcon.colcon_core.package_discovery:discover_packages(path) discover
[0.949s] Level 1:colcon.colcon_core.package_discovery:discover_packages(path) using defaults
[1.055s] Level 1:colcon.colcon_core.package_discovery:discover_packages(prefix_path) check parameters
[1.055s] Level 1:colcon.colcon_core.package_discovery:discover_packages(prefix_path) discover
[1.079s] DEBUG:colcon.colcon_installed_package_information.package_discovery:Found 2 installed packages in /home/yujiro22/ros2_ws/install
[1.091s] DEBUG:colcon.colcon_installed_package_information.package_discovery:Found 270 installed packages in /opt/ros/humble
[1.092s] Level 1:colcon.colcon_core.package_discovery:discover_packages(prefix_path) using defaults
[1.152s] Level 5:colcon.colcon_core.verb:set package 'mypkg' build argument 'cmake_args' from command line to 'None'
[1.152s] Level 5:colcon.colcon_core.verb:set package 'mypkg' build argument 'cmake_target' from command line to 'None'
[1.152s] Level 5:colcon.colcon_core.verb:set package 'mypkg' build argument 'cmake_target_skip_unavailable' from command line to 'False'
[1.152s] Level 5:colcon.colcon_core.verb:set package 'mypkg' build argument 'cmake_clean_cache' from command line to 'False'
[1.152s] Level 5:colcon.colcon_core.verb:set package 'mypkg' build argument 'cmake_clean_first' from command line to 'False'
[1.152s] Level 5:colcon.colcon_core.verb:set package 'mypkg' build argument 'cmake_force_configure' from command line to 'False'
[1.152s] Level 5:colcon.colcon_core.verb:set package 'mypkg' build argument 'ament_cmake_args' from command line to 'None'
[1.152s] Level 5:colcon.colcon_core.verb:set package 'mypkg' build argument 'catkin_cmake_args' from command line to 'None'
[1.152s] Level 5:colcon.colcon_core.verb:set package 'mypkg' build argument 'catkin_skip_building_tests' from command line to 'False'
[1.153s] DEBUG:colcon.colcon_core.verb:Building package 'mypkg' with the following arguments: {'ament_cmake_args': None, 'build_base': '/home/yujiro22/ros2_ws/build/mypkg', 'catkin_cmake_args': None, 'catkin_skip_building_tests': False, 'cmake_args': None, 'cmake_clean_cache': False, 'cmake_clean_first': False, 'cmake_force_configure': False, 'cmake_target': None, 'cmake_target_skip_unavailable': False, 'install_base': '/home/yujiro22/ros2_ws/install/mypkg', 'merge_install': False, 'path': '/home/yujiro22/ros2_ws/src/mypkg', 'symlink_install': False, 'test_result_base': None}
[1.160s] Level 5:colcon.colcon_core.verb:set package 'person_msgs' build argument 'cmake_args' from command line to 'None'
[1.160s] Level 5:colcon.colcon_core.verb:set package 'person_msgs' build argument 'cmake_target' from command line to 'None'
[1.160s] Level 5:colcon.colcon_core.verb:set package 'person_msgs' build argument 'cmake_target_skip_unavailable' from command line to 'False'
[1.160s] Level 5:colcon.colcon_core.verb:set package 'person_msgs' build argument 'cmake_clean_cache' from command line to 'False'
[1.160s] Level 5:colcon.colcon_core.verb:set package 'person_msgs' build argument 'cmake_clean_first' from command line to 'False'
[1.160s] Level 5:colcon.colcon_core.verb:set package 'person_msgs' build argument 'cmake_force_configure' from command line to 'False'
[1.160s] Level 5:colcon.colcon_core.verb:set package 'person_msgs' build argument 'ament_cmake_args' from command line to 'None'
[1.160s] Level 5:colcon.colcon_core.verb:set package 'person_msgs' build argument 'catkin_cmake_args' from command line to 'None'
[1.160s] Level 5:colcon.colcon_core.verb:set package 'person_msgs' build argument 'catkin_skip_building_tests' from command line to 'False'
[1.160s] DEBUG:colcon.colcon_core.verb:Building package 'person_msgs' with the following arguments: {'ament_cmake_args': None, 'build_base': '/home/yujiro22/ros2_ws/build/person_msgs', 'catkin_cmake_args': None, 'catkin_skip_building_tests': False, 'cmake_args': None, 'cmake_clean_cache': False, 'cmake_clean_first': False, 'cmake_force_configure': False, 'cmake_target': None, 'cmake_target_skip_unavailable': False, 'install_base': '/home/yujiro22/ros2_ws/install/person_msgs', 'merge_install': False, 'path': '/home/yujiro22/ros2_ws/src/person_msgs', 'symlink_install': False, 'test_result_base': None}
[1.170s] INFO:colcon.colcon_core.executor:Executing jobs using 'parallel' executor
[1.180s] DEBUG:colcon.colcon_parallel_executor.executor.parallel:run_until_complete
[1.181s] INFO:colcon.colcon_ros.task.ament_python.build:Building ROS package in '/home/yujiro22/ros2_ws/src/mypkg' with build type 'ament_python'
[1.181s] Level 1:colcon.colcon_core.shell:create_environment_hook('mypkg', 'ament_prefix_path')
[1.195s] INFO:colcon.colcon_core.plugin_system:Skipping extension 'colcon_core.shell.bat': Not used on non-Windows systems
[1.195s] INFO:colcon.colcon_core.shell:Creating environment hook '/home/yujiro22/ros2_ws/install/mypkg/share/mypkg/hook/ament_prefix_path.ps1'
[1.196s] INFO:colcon.colcon_core.shell:Creating environment descriptor '/home/yujiro22/ros2_ws/install/mypkg/share/mypkg/hook/ament_prefix_path.dsv'
[1.197s] INFO:colcon.colcon_core.shell:Creating environment hook '/home/yujiro22/ros2_ws/install/mypkg/share/mypkg/hook/ament_prefix_path.sh'
[1.213s] INFO:colcon.colcon_core.shell:Skip shell extension 'powershell' for command environment: Not usable outside of PowerShell
[1.213s] DEBUG:colcon.colcon_core.shell:Skip shell extension 'dsv' for command environment
[1.249s] INFO:colcon.colcon_cmake.task.cmake.build:Building CMake package in '/home/yujiro22/ros2_ws/src/person_msgs'
[1.264s] INFO:colcon.colcon_core.shell:Skip shell extension 'powershell' for command environment: Not usable outside of PowerShell
[1.264s] DEBUG:colcon.colcon_core.shell:Skip shell extension 'dsv' for command environment
[1.549s] INFO:colcon.colcon_core.task.python.build:Building Python package in '/home/yujiro22/ros2_ws/src/mypkg'
[1.564s] INFO:colcon.colcon_core.shell:Skip shell extension 'powershell' for command environment: Not usable outside of PowerShell
[1.565s] DEBUG:colcon.colcon_core.shell:Skip shell extension 'dsv' for command environment
[1.613s] DEBUG:colcon.colcon_core.event_handler.log_command:Invoking command in '/home/yujiro22/ros2_ws/build/person_msgs': /usr/bin/cmake --build /home/yujiro22/ros2_ws/build/person_msgs -- -j8 -l8
[1.977s] DEBUG:colcon.colcon_core.event_handler.log_command:Invoking command in '/home/yujiro22/ros2_ws/src/mypkg': PYTHONPATH=/home/yujiro22/ros2_ws/build/mypkg/prefix_override:/home/yujiro22/ros2_ws/install/mypkg/lib/python3.10/site-packages:${PYTHONPATH} /usr/bin/python3 setup.py egg_info --egg-base ../../build/mypkg build --build-base /home/yujiro22/ros2_ws/build/mypkg/build install --record /home/yujiro22/ros2_ws/build/mypkg/install.log --single-version-externally-managed
[2.266s] DEBUG:colcon.colcon_core.event_handler.log_command:Invoked command in '/home/yujiro22/ros2_ws/src/mypkg' returned '0': PYTHONPATH=/home/yujiro22/ros2_ws/build/mypkg/prefix_override:/home/yujiro22/ros2_ws/install/mypkg/lib/python3.10/site-packages:${PYTHONPATH} /usr/bin/python3 setup.py egg_info --egg-base ../../build/mypkg build --build-base /home/yujiro22/ros2_ws/build/mypkg/build install --record /home/yujiro22/ros2_ws/build/mypkg/install.log --single-version-externally-managed
[2.279s] Level 1:colcon.colcon_core.environment:checking '/home/yujiro22/ros2_ws/install/mypkg' for CMake module files
[2.280s] Level 1:colcon.colcon_core.environment:checking '/home/yujiro22/ros2_ws/install/mypkg' for CMake config files
[2.281s] Level 1:colcon.colcon_core.environment:checking '/home/yujiro22/ros2_ws/install/mypkg/lib'
[2.281s] Level 1:colcon.colcon_core.environment:checking '/home/yujiro22/ros2_ws/install/mypkg/bin'
[2.281s] Level 1:colcon.colcon_core.environment:checking '/home/yujiro22/ros2_ws/install/mypkg/lib/pkgconfig/mypkg.pc'
[2.282s] Level 1:colcon.colcon_core.environment:checking '/home/yujiro22/ros2_ws/install/mypkg/lib/python3.10/site-packages'
[2.282s] Level 1:colcon.colcon_core.shell:create_environment_hook('mypkg', 'pythonpath')
[2.299s] INFO:colcon.colcon_core.shell:Creating environment hook '/home/yujiro22/ros2_ws/install/mypkg/share/mypkg/hook/pythonpath.ps1'
[2.300s] INFO:colcon.colcon_core.shell:Creating environment descriptor '/home/yujiro22/ros2_ws/install/mypkg/share/mypkg/hook/pythonpath.dsv'
[2.300s] INFO:colcon.colcon_core.shell:Creating environment hook '/home/yujiro22/ros2_ws/install/mypkg/share/mypkg/hook/pythonpath.sh'
[2.301s] Level 1:colcon.colcon_core.environment:checking '/home/yujiro22/ros2_ws/install/mypkg/bin'
[2.301s] Level 1:colcon.colcon_core.environment:create_environment_scripts_only(mypkg)
[2.323s] INFO:colcon.colcon_core.shell:Creating package script '/home/yujiro22/ros2_ws/install/mypkg/share/mypkg/package.ps1'
[2.325s] INFO:colcon.colcon_core.shell:Creating package descriptor '/home/yujiro22/ros2_ws/install/mypkg/share/mypkg/package.dsv'
[2.326s] INFO:colcon.colcon_core.shell:Creating package script '/home/yujiro22/ros2_ws/install/mypkg/share/mypkg/package.sh'
[2.327s] INFO:colcon.colcon_core.shell:Creating package script '/home/yujiro22/ros2_ws/install/mypkg/share/mypkg/package.bash'
[2.328s] INFO:colcon.colcon_core.shell:Creating package script '/home/yujiro22/ros2_ws/install/mypkg/share/mypkg/package.zsh'
[2.333s] Level 1:colcon.colcon_core.environment:create_file_with_runtime_dependencies(/home/yujiro22/ros2_ws/install/mypkg/share/colcon-core/packages/mypkg)
[2.362s] DEBUG:colcon.colcon_core.event_handler.log_command:Invoked command in '/home/yujiro22/ros2_ws/build/person_msgs' returned '2': /usr/bin/cmake --build /home/yujiro22/ros2_ws/build/person_msgs -- -j8 -l8
[2.372s] DEBUG:colcon.colcon_parallel_executor.executor.parallel:closing loop
[2.373s] DEBUG:colcon.colcon_parallel_executor.executor.parallel:loop closed
[2.373s] DEBUG:colcon.colcon_parallel_executor.executor.parallel:run_until_complete finished with '2'
[2.374s] DEBUG:colcon.colcon_core.event_reactor:joining thread
[2.478s] INFO:colcon.colcon_core.plugin_system:Skipping extension 'colcon_notification.desktop_notification.notify_send': Could not find 'notify-send'
[2.479s] INFO:colcon.colcon_core.plugin_system:Skipping extension 'colcon_notification.desktop_notification.terminal_notifier': Not used on non-Darwin systems
[2.479s] INFO:colcon.colcon_core.plugin_system:Skipping extension 'colcon_notification.desktop_notification.win32': Not used on non-Windows systems
[2.479s] INFO:colcon.colcon_notification.desktop_notification:Sending desktop notification using 'notify2'
[2.485s] DEBUG:colcon.colcon_notification.desktop_notification.notify2:Failed to initialize notify2: org.freedesktop.DBus.Error.ServiceUnknown: The name org.freedesktop.Notifications was not provided by any .service files
[2.486s] DEBUG:colcon.colcon_core.event_reactor:joined thread
[2.501s] INFO:colcon.colcon_core.shell:Creating prefix script '/home/yujiro22/ros2_ws/install/local_setup.ps1'
[2.502s] INFO:colcon.colcon_core.shell:Creating prefix util module '/home/yujiro22/ros2_ws/install/_local_setup_util_ps1.py'
[2.503s] INFO:colcon.colcon_core.shell:Creating prefix chain script '/home/yujiro22/ros2_ws/install/setup.ps1'
[2.517s] INFO:colcon.colcon_core.shell:Creating prefix script '/home/yujiro22/ros2_ws/install/local_setup.sh'
[2.518s] INFO:colcon.colcon_core.shell:Creating prefix util module '/home/yujiro22/ros2_ws/install/_local_setup_util_sh.py'
[2.519s] INFO:colcon.colcon_core.shell:Creating prefix chain script '/home/yujiro22/ros2_ws/install/setup.sh'
[2.532s] INFO:colcon.colcon_core.shell:Creating prefix script '/home/yujiro22/ros2_ws/install/local_setup.bash'
[2.533s] INFO:colcon.colcon_core.shell:Creating prefix chain script '/home/yujiro22/ros2_ws/install/setup.bash'
[2.543s] INFO:colcon.colcon_core.shell:Creating prefix script '/home/yujiro22/ros2_ws/install/local_setup.zsh'
[2.543s] INFO:colcon.colcon_core.shell:Creating prefix chain script '/home/yujiro22/ros2_ws/install/setup.zsh'
