[0.402s] Invoking command in '/home/yujiro22/ros2_ws/src/mypkg': PYTHONPATH=/home/yujiro22/ros2_ws/build/mypkg/prefix_override:/home/yujiro22/ros2_ws/install/mypkg/lib/python3.10/site-packages:${PYTHONPATH} /usr/bin/python3 setup.py egg_info --egg-base ../../build/mypkg build --build-base /home/yujiro22/ros2_ws/build/mypkg/build install --record /home/yujiro22/ros2_ws/build/mypkg/install.log --single-version-externally-managed
[0.523s] running egg_info
[0.523s] creating ../../build/mypkg/mypkg.egg-info
[0.523s] writing ../../build/mypkg/mypkg.egg-info/PKG-INFO
[0.524s] writing dependency_links to ../../build/mypkg/mypkg.egg-info/dependency_links.txt
[0.524s] writing entry points to ../../build/mypkg/mypkg.egg-info/entry_points.txt
[0.525s] writing requirements to ../../build/mypkg/mypkg.egg-info/requires.txt
[0.525s] writing top-level names to ../../build/mypkg/mypkg.egg-info/top_level.txt
[0.525s] writing manifest file '../../build/mypkg/mypkg.egg-info/SOURCES.txt'
[0.526s] reading manifest file '../../build/mypkg/mypkg.egg-info/SOURCES.txt'
[0.527s] writing manifest file '../../build/mypkg/mypkg.egg-info/SOURCES.txt'
[0.527s] running build
[0.527s] running build_py
[0.527s] creating /home/yujiro22/ros2_ws/build/mypkg/build
[0.528s] creating /home/yujiro22/ros2_ws/build/mypkg/build/lib
[0.528s] creating /home/yujiro22/ros2_ws/build/mypkg/build/lib/mypkg
[0.528s] copying mypkg/__init__.py -> /home/yujiro22/ros2_ws/build/mypkg/build/lib/mypkg
[0.528s] running install
[0.529s] /usr/lib/python3/dist-packages/setuptools/command/install.py:34: SetuptoolsDeprecationWarning: setup.py install is deprecated. Use build and pip and other standards-based tools.
[0.529s]   warnings.warn(
[0.529s] running install_lib
[0.529s] creating /home/yujiro22/ros2_ws/install/mypkg/lib/python3.10/site-packages/mypkg
[0.529s] copying /home/yujiro22/ros2_ws/build/mypkg/build/lib/mypkg/__init__.py -> /home/yujiro22/ros2_ws/install/mypkg/lib/python3.10/site-packages/mypkg
[0.530s] byte-compiling /home/yujiro22/ros2_ws/install/mypkg/lib/python3.10/site-packages/mypkg/__init__.py to __init__.cpython-310.pyc
[0.530s] running install_data
[0.530s] creating /home/yujiro22/ros2_ws/install/mypkg/share/ament_index
[0.531s] creating /home/yujiro22/ros2_ws/install/mypkg/share/ament_index/resource_index
[0.531s] creating /home/yujiro22/ros2_ws/install/mypkg/share/ament_index/resource_index/packages
[0.531s] copying resource/mypkg -> /home/yujiro22/ros2_ws/install/mypkg/share/ament_index/resource_index/packages
[0.531s] copying package.xml -> /home/yujiro22/ros2_ws/install/mypkg/share/mypkg
[0.531s] running install_egg_info
[0.532s] Copying ../../build/mypkg/mypkg.egg-info to /home/yujiro22/ros2_ws/install/mypkg/lib/python3.10/site-packages/mypkg-0.0.0-py3.10.egg-info
[0.533s] running install_scripts
[0.547s] writing list of installed files to '/home/yujiro22/ros2_ws/build/mypkg/install.log'
[0.567s] Invoked command in '/home/yujiro22/ros2_ws/src/mypkg' returned '0': PYTHONPATH=/home/yujiro22/ros2_ws/build/mypkg/prefix_override:/home/yujiro22/ros2_ws/install/mypkg/lib/python3.10/site-packages:${PYTHONPATH} /usr/bin/python3 setup.py egg_info --egg-base ../../build/mypkg build --build-base /home/yujiro22/ros2_ws/build/mypkg/build install --record /home/yujiro22/ros2_ws/build/mypkg/install.log --single-version-externally-managed
