[0.462s] Invoking command in '/home/yujiro22/ros2_ws/src/mypkg': PYTHONPATH=/home/yujiro22/ros2_ws/build/mypkg/prefix_override:/home/yujiro22/ros2_ws/install/mypkg/lib/python3.10/site-packages:${PYTHONPATH} /usr/bin/python3 setup.py egg_info --egg-base ../../build/mypkg build --build-base /home/yujiro22/ros2_ws/build/mypkg/build install --record /home/yujiro22/ros2_ws/build/mypkg/install.log --single-version-externally-managed
[0.599s] running egg_info
[0.599s] writing ../../build/mypkg/mypkg.egg-info/PKG-INFO
[0.599s] writing dependency_links to ../../build/mypkg/mypkg.egg-info/dependency_links.txt
[0.601s] writing entry points to ../../build/mypkg/mypkg.egg-info/entry_points.txt
[0.603s] writing requirements to ../../build/mypkg/mypkg.egg-info/requires.txt
[0.604s] writing top-level names to ../../build/mypkg/mypkg.egg-info/top_level.txt
[0.605s] reading manifest file '../../build/mypkg/mypkg.egg-info/SOURCES.txt'
[0.605s] writing manifest file '../../build/mypkg/mypkg.egg-info/SOURCES.txt'
[0.605s] running build
[0.606s] running build_py
[0.606s] running install
[0.607s] /usr/lib/python3/dist-packages/setuptools/command/install.py:34: SetuptoolsDeprecationWarning: setup.py install is deprecated. Use build and pip and other standards-based tools.
[0.607s]   warnings.warn(
[0.607s] running install_lib
[0.607s] running install_data
[0.608s] running install_egg_info
[0.608s] removing '/home/yujiro22/ros2_ws/install/mypkg/lib/python3.10/site-packages/mypkg-0.0.0-py3.10.egg-info' (and everything under it)
[0.608s] Copying ../../build/mypkg/mypkg.egg-info to /home/yujiro22/ros2_ws/install/mypkg/lib/python3.10/site-packages/mypkg-0.0.0-py3.10.egg-info
[0.608s] running install_scripts
[0.623s] Installing listener script to /home/yujiro22/ros2_ws/install/mypkg/lib/mypkg
[0.623s] Installing talker script to /home/yujiro22/ros2_ws/install/mypkg/lib/mypkg
[0.623s] writing list of installed files to '/home/yujiro22/ros2_ws/build/mypkg/install.log'
[0.642s] Invoked command in '/home/yujiro22/ros2_ws/src/mypkg' returned '0': PYTHONPATH=/home/yujiro22/ros2_ws/build/mypkg/prefix_override:/home/yujiro22/ros2_ws/install/mypkg/lib/python3.10/site-packages:${PYTHONPATH} /usr/bin/python3 setup.py egg_info --egg-base ../../build/mypkg build --build-base /home/yujiro22/ros2_ws/build/mypkg/build install --record /home/yujiro22/ros2_ws/build/mypkg/install.log --single-version-externally-managed
