[0.793s] Invoking command in '/home/yujiro22/ros2_ws/src/mypkg': PYTHONPATH=/home/yujiro22/ros2_ws/build/mypkg/prefix_override:/home/yujiro22/ros2_ws/install/mypkg/lib/python3.10/site-packages:${PYTHONPATH} /usr/bin/python3 setup.py egg_info --egg-base ../../build/mypkg build --build-base /home/yujiro22/ros2_ws/build/mypkg/build install --record /home/yujiro22/ros2_ws/build/mypkg/install.log --single-version-externally-managed
[1.065s] running egg_info
[1.065s] writing ../../build/mypkg/mypkg.egg-info/PKG-INFO
[1.065s] writing dependency_links to ../../build/mypkg/mypkg.egg-info/dependency_links.txt
[1.065s] writing entry points to ../../build/mypkg/mypkg.egg-info/entry_points.txt
[1.066s] writing requirements to ../../build/mypkg/mypkg.egg-info/requires.txt
[1.066s] writing top-level names to ../../build/mypkg/mypkg.egg-info/top_level.txt
[1.068s] reading manifest file '../../build/mypkg/mypkg.egg-info/SOURCES.txt'
[1.069s] writing manifest file '../../build/mypkg/mypkg.egg-info/SOURCES.txt'
[1.069s] running build
[1.069s] running build_py
[1.070s] copying mypkg/talker.py -> /home/yujiro22/ros2_ws/build/mypkg/build/lib/mypkg
[1.070s] /usr/lib/python3/dist-packages/setuptools/command/install.py:34: SetuptoolsDeprecationWarning: setup.py install is deprecated. Use build and pip and other standards-based tools.
[1.070s]   warnings.warn(
[1.070s] running install
[1.070s] running install_lib
[1.071s] copying /home/yujiro22/ros2_ws/build/mypkg/build/lib/mypkg/talker.py -> /home/yujiro22/ros2_ws/install/mypkg/lib/python3.10/site-packages/mypkg
[1.071s] byte-compiling /home/yujiro22/ros2_ws/install/mypkg/lib/python3.10/site-packages/mypkg/talker.py to talker.cpython-310.pyc
[1.072s] running install_data
[1.072s] running install_egg_info
[1.074s] removing '/home/yujiro22/ros2_ws/install/mypkg/lib/python3.10/site-packages/mypkg-0.0.0-py3.10.egg-info' (and everything under it)
[1.075s] Copying ../../build/mypkg/mypkg.egg-info to /home/yujiro22/ros2_ws/install/mypkg/lib/python3.10/site-packages/mypkg-0.0.0-py3.10.egg-info
[1.075s] running install_scripts
[1.095s] Installing listener script to /home/yujiro22/ros2_ws/install/mypkg/lib/mypkg
[1.095s] Installing talker script to /home/yujiro22/ros2_ws/install/mypkg/lib/mypkg
[1.096s] writing list of installed files to '/home/yujiro22/ros2_ws/build/mypkg/install.log'
[1.122s] Invoked command in '/home/yujiro22/ros2_ws/src/mypkg' returned '0': PYTHONPATH=/home/yujiro22/ros2_ws/build/mypkg/prefix_override:/home/yujiro22/ros2_ws/install/mypkg/lib/python3.10/site-packages:${PYTHONPATH} /usr/bin/python3 setup.py egg_info --egg-base ../../build/mypkg build --build-base /home/yujiro22/ros2_ws/build/mypkg/build install --record /home/yujiro22/ros2_ws/build/mypkg/install.log --single-version-externally-managed
