[0.360s] Invoking command in '/home/yujiro22/ros2_ws/build/person_msgs': CMAKE_PREFIX_PATH=${CMAKE_PREFIX_PATH}:/home/yujiro22/ros2_ws/install/mypkg:/opt/ros/humble /usr/bin/cmake --build /home/yujiro22/ros2_ws/build/person_msgs -- -j8 -l8
[0.403s] [ 10%] Built target person_msgs__cpp
[0.404s] [ 12%] Built target person_msgs__rosidl_generator_c
[0.425s] [ 12%] Built target ament_cmake_python_copy_person_msgs
[0.437s] [ 23%] Built target person_msgs__rosidl_typesupport_c
[0.437s] [ 33%] Built target person_msgs__rosidl_typesupport_introspection_c
[0.439s] [ 43%] Built target person_msgs__rosidl_typesupport_fastrtps_cpp
[0.440s] [ 53%] Built target person_msgs__rosidl_typesupport_fastrtps_c
[0.441s] [ 64%] Built target person_msgs__rosidl_typesupport_introspection_cpp
[0.451s] [ 74%] Built target person_msgs__rosidl_typesupport_cpp
[0.469s] [ 74%] Built target person_msgs
[0.487s] [ 76%] Built target person_msgs__py
[0.514s] [ 84%] Built target person_msgs__rosidl_generator_py
[0.541s] [100%] Built target person_msgs__rosidl_typesupport_c__pyext
[0.541s] [100%] Built target person_msgs__rosidl_typesupport_fastrtps_c__pyext
[0.541s] [100%] Built target person_msgs__rosidl_typesupport_introspection_c__pyext
[0.671s] running egg_info
[0.672s] writing person_msgs.egg-info/PKG-INFO
[0.672s] writing dependency_links to person_msgs.egg-info/dependency_links.txt
[0.672s] writing top-level names to person_msgs.egg-info/top_level.txt
[0.675s] reading manifest file 'person_msgs.egg-info/SOURCES.txt'
[0.676s] writing manifest file 'person_msgs.egg-info/SOURCES.txt'
[0.717s] [100%] Built target ament_cmake_python_build_person_msgs_egg
[0.731s] Invoked command in '/home/yujiro22/ros2_ws/build/person_msgs' returned '0': CMAKE_PREFIX_PATH=${CMAKE_PREFIX_PATH}:/home/yujiro22/ros2_ws/install/mypkg:/opt/ros/humble /usr/bin/cmake --build /home/yujiro22/ros2_ws/build/person_msgs -- -j8 -l8
[0.830s] Invoking command in '/home/yujiro22/ros2_ws/build/person_msgs': CMAKE_PREFIX_PATH=${CMAKE_PREFIX_PATH}:/home/yujiro22/ros2_ws/install/mypkg:/opt/ros/humble /usr/bin/cmake --install /home/yujiro22/ros2_ws/build/person_msgs
[0.838s] -- Install configuration: ""
[0.838s] -- Up-to-date: /home/yujiro22/ros2_ws/install/person_msgs/share/ament_index/resource_index/rosidl_interfaces/person_msgs
[0.838s] -- Up-to-date: /home/yujiro22/ros2_ws/install/person_msgs/include/person_msgs/person_msgs
[0.839s] -- Up-to-date: /home/yujiro22/ros2_ws/install/person_msgs/include/person_msgs/person_msgs/srv
[0.839s] -- Up-to-date: /home/yujiro22/ros2_ws/install/person_msgs/include/person_msgs/person_msgs/srv/query.h
[0.840s] -- Up-to-date: /home/yujiro22/ros2_ws/install/person_msgs/include/person_msgs/person_msgs/srv/detail
[0.840s] -- Up-to-date: /home/yujiro22/ros2_ws/install/person_msgs/include/person_msgs/person_msgs/srv/detail/query__functions.c
[0.840s] -- Up-to-date: /home/yujiro22/ros2_ws/install/person_msgs/include/person_msgs/person_msgs/srv/detail/query__type_support.h
[0.840s] -- Up-to-date: /home/yujiro22/ros2_ws/install/person_msgs/include/person_msgs/person_msgs/srv/detail/query__functions.h
[0.841s] -- Up-to-date: /home/yujiro22/ros2_ws/install/person_msgs/include/person_msgs/person_msgs/srv/detail/query__struct.h
[0.841s] -- Up-to-date: /home/yujiro22/ros2_ws/install/person_msgs/include/person_msgs/person_msgs/msg
[0.842s] -- Up-to-date: /home/yujiro22/ros2_ws/install/person_msgs/include/person_msgs/person_msgs/msg/person.h
[0.842s] -- Up-to-date: /home/yujiro22/ros2_ws/install/person_msgs/include/person_msgs/person_msgs/msg/rosidl_generator_c__visibility_control.h
[0.842s] -- Up-to-date: /home/yujiro22/ros2_ws/install/person_msgs/include/person_msgs/person_msgs/msg/detail
[0.842s] -- Up-to-date: /home/yujiro22/ros2_ws/install/person_msgs/include/person_msgs/person_msgs/msg/detail/person__functions.c
[0.843s] -- Up-to-date: /home/yujiro22/ros2_ws/install/person_msgs/include/person_msgs/person_msgs/msg/detail/person__type_support.h
[0.843s] -- Up-to-date: /home/yujiro22/ros2_ws/install/person_msgs/include/person_msgs/person_msgs/msg/detail/person__functions.h
[0.843s] -- Up-to-date: /home/yujiro22/ros2_ws/install/person_msgs/include/person_msgs/person_msgs/msg/detail/person__struct.h
[0.843s] -- Up-to-date: /home/yujiro22/ros2_ws/install/person_msgs/share/person_msgs/environment/library_path.sh
[0.844s] -- Up-to-date: /home/yujiro22/ros2_ws/install/person_msgs/share/person_msgs/environment/library_path.dsv
[0.844s] -- Up-to-date: /home/yujiro22/ros2_ws/install/person_msgs/lib/libperson_msgs__rosidl_generator_c.so
[0.844s] -- Up-to-date: /home/yujiro22/ros2_ws/install/person_msgs/include/person_msgs/person_msgs
[0.845s] -- Up-to-date: /home/yujiro22/ros2_ws/install/person_msgs/include/person_msgs/person_msgs/srv
[0.845s] -- Up-to-date: /home/yujiro22/ros2_ws/install/person_msgs/include/person_msgs/person_msgs/srv/detail
[0.845s] -- Up-to-date: /home/yujiro22/ros2_ws/install/person_msgs/include/person_msgs/person_msgs/srv/detail/query__rosidl_typesupport_fastrtps_c.h
[0.845s] -- Up-to-date: /home/yujiro22/ros2_ws/install/person_msgs/include/person_msgs/person_msgs/msg
[0.846s] -- Up-to-date: /home/yujiro22/ros2_ws/install/person_msgs/include/person_msgs/person_msgs/msg/rosidl_typesupport_fastrtps_c__visibility_control.h
[0.846s] -- Up-to-date: /home/yujiro22/ros2_ws/install/person_msgs/include/person_msgs/person_msgs/msg/detail
[0.846s] -- Up-to-date: /home/yujiro22/ros2_ws/install/person_msgs/include/person_msgs/person_msgs/msg/detail/person__rosidl_typesupport_fastrtps_c.h
[0.846s] -- Up-to-date: /home/yujiro22/ros2_ws/install/person_msgs/lib/libperson_msgs__rosidl_typesupport_fastrtps_c.so
[0.846s] -- Up-to-date: /home/yujiro22/ros2_ws/install/person_msgs/include/person_msgs/person_msgs
[0.846s] -- Up-to-date: /home/yujiro22/ros2_ws/install/person_msgs/include/person_msgs/person_msgs/srv
[0.846s] -- Up-to-date: /home/yujiro22/ros2_ws/install/person_msgs/include/person_msgs/person_msgs/srv/detail
[0.847s] -- Up-to-date: /home/yujiro22/ros2_ws/install/person_msgs/include/person_msgs/person_msgs/srv/detail/query__type_support.c
[0.847s] -- Up-to-date: /home/yujiro22/ros2_ws/install/person_msgs/include/person_msgs/person_msgs/srv/detail/query__rosidl_typesupport_introspection_c.h
[0.847s] -- Up-to-date: /home/yujiro22/ros2_ws/install/person_msgs/include/person_msgs/person_msgs/msg
[0.847s] -- Up-to-date: /home/yujiro22/ros2_ws/install/person_msgs/include/person_msgs/person_msgs/msg/rosidl_typesupport_introspection_c__visibility_control.h
[0.847s] -- Up-to-date: /home/yujiro22/ros2_ws/install/person_msgs/include/person_msgs/person_msgs/msg/detail
[0.847s] -- Up-to-date: /home/yujiro22/ros2_ws/install/person_msgs/include/person_msgs/person_msgs/msg/detail/person__type_support.c
[0.847s] -- Up-to-date: /home/yujiro22/ros2_ws/install/person_msgs/include/person_msgs/person_msgs/msg/detail/person__rosidl_typesupport_introspection_c.h
[0.847s] -- Up-to-date: /home/yujiro22/ros2_ws/install/person_msgs/lib/libperson_msgs__rosidl_typesupport_introspection_c.so
[0.847s] -- Up-to-date: /home/yujiro22/ros2_ws/install/person_msgs/lib/libperson_msgs__rosidl_typesupport_c.so
[0.848s] -- Up-to-date: /home/yujiro22/ros2_ws/install/person_msgs/include/person_msgs/person_msgs
[0.848s] -- Up-to-date: /home/yujiro22/ros2_ws/install/person_msgs/include/person_msgs/person_msgs/srv
[0.848s] -- Up-to-date: /home/yujiro22/ros2_ws/install/person_msgs/include/person_msgs/person_msgs/srv/query.hpp
[0.848s] -- Up-to-date: /home/yujiro22/ros2_ws/install/person_msgs/include/person_msgs/person_msgs/srv/detail
[0.848s] -- Up-to-date: /home/yujiro22/ros2_ws/install/person_msgs/include/person_msgs/person_msgs/srv/detail/query__builder.hpp
[0.848s] -- Up-to-date: /home/yujiro22/ros2_ws/install/person_msgs/include/person_msgs/person_msgs/srv/detail/query__struct.hpp
[0.848s] -- Up-to-date: /home/yujiro22/ros2_ws/install/person_msgs/include/person_msgs/person_msgs/srv/detail/query__traits.hpp
[0.848s] -- Up-to-date: /home/yujiro22/ros2_ws/install/person_msgs/include/person_msgs/person_msgs/msg
[0.848s] -- Up-to-date: /home/yujiro22/ros2_ws/install/person_msgs/include/person_msgs/person_msgs/msg/person.hpp
[0.849s] -- Up-to-date: /home/yujiro22/ros2_ws/install/person_msgs/include/person_msgs/person_msgs/msg/detail
[0.849s] -- Up-to-date: /home/yujiro22/ros2_ws/install/person_msgs/include/person_msgs/person_msgs/msg/detail/person__builder.hpp
[0.849s] -- Up-to-date: /home/yujiro22/ros2_ws/install/person_msgs/include/person_msgs/person_msgs/msg/detail/person__traits.hpp
[0.849s] -- Up-to-date: /home/yujiro22/ros2_ws/install/person_msgs/include/person_msgs/person_msgs/msg/detail/person__struct.hpp
[0.849s] -- Up-to-date: /home/yujiro22/ros2_ws/install/person_msgs/include/person_msgs/person_msgs
[0.849s] -- Up-to-date: /home/yujiro22/ros2_ws/install/person_msgs/include/person_msgs/person_msgs/srv
[0.849s] -- Up-to-date: /home/yujiro22/ros2_ws/install/person_msgs/include/person_msgs/person_msgs/srv/detail
[0.849s] -- Up-to-date: /home/yujiro22/ros2_ws/install/person_msgs/include/person_msgs/person_msgs/srv/detail/dds_fastrtps
[0.849s] -- Up-to-date: /home/yujiro22/ros2_ws/install/person_msgs/include/person_msgs/person_msgs/srv/detail/query__rosidl_typesupport_fastrtps_cpp.hpp
[0.849s] -- Up-to-date: /home/yujiro22/ros2_ws/install/person_msgs/include/person_msgs/person_msgs/msg
[0.850s] -- Up-to-date: /home/yujiro22/ros2_ws/install/person_msgs/include/person_msgs/person_msgs/msg/rosidl_typesupport_fastrtps_cpp__visibility_control.h
[0.850s] -- Up-to-date: /home/yujiro22/ros2_ws/install/person_msgs/include/person_msgs/person_msgs/msg/detail
[0.850s] -- Up-to-date: /home/yujiro22/ros2_ws/install/person_msgs/include/person_msgs/person_msgs/msg/detail/dds_fastrtps
[0.850s] -- Up-to-date: /home/yujiro22/ros2_ws/install/person_msgs/include/person_msgs/person_msgs/msg/detail/person__rosidl_typesupport_fastrtps_cpp.hpp
[0.850s] -- Up-to-date: /home/yujiro22/ros2_ws/install/person_msgs/lib/libperson_msgs__rosidl_typesupport_fastrtps_cpp.so
[0.850s] -- Up-to-date: /home/yujiro22/ros2_ws/install/person_msgs/include/person_msgs/person_msgs
[0.850s] -- Up-to-date: /home/yujiro22/ros2_ws/install/person_msgs/include/person_msgs/person_msgs/srv
[0.850s] -- Up-to-date: /home/yujiro22/ros2_ws/install/person_msgs/include/person_msgs/person_msgs/srv/detail
[0.850s] -- Up-to-date: /home/yujiro22/ros2_ws/install/person_msgs/include/person_msgs/person_msgs/srv/detail/query__type_support.cpp
[0.850s] -- Up-to-date: /home/yujiro22/ros2_ws/install/person_msgs/include/person_msgs/person_msgs/srv/detail/query__rosidl_typesupport_introspection_cpp.hpp
[0.851s] -- Up-to-date: /home/yujiro22/ros2_ws/install/person_msgs/include/person_msgs/person_msgs/msg
[0.851s] -- Up-to-date: /home/yujiro22/ros2_ws/install/person_msgs/include/person_msgs/person_msgs/msg/detail
[0.851s] -- Up-to-date: /home/yujiro22/ros2_ws/install/person_msgs/include/person_msgs/person_msgs/msg/detail/person__rosidl_typesupport_introspection_cpp.hpp
[0.851s] -- Up-to-date: /home/yujiro22/ros2_ws/install/person_msgs/include/person_msgs/person_msgs/msg/detail/person__type_support.cpp
[0.851s] -- Up-to-date: /home/yujiro22/ros2_ws/install/person_msgs/lib/libperson_msgs__rosidl_typesupport_introspection_cpp.so
[0.851s] -- Up-to-date: /home/yujiro22/ros2_ws/install/person_msgs/lib/libperson_msgs__rosidl_typesupport_cpp.so
[0.851s] -- Up-to-date: /home/yujiro22/ros2_ws/install/person_msgs/share/person_msgs/environment/pythonpath.sh
[0.851s] -- Up-to-date: /home/yujiro22/ros2_ws/install/person_msgs/share/person_msgs/environment/pythonpath.dsv
[0.851s] -- Up-to-date: /home/yujiro22/ros2_ws/install/person_msgs/local/lib/python3.10/dist-packages/person_msgs-0.0.0-py3.10.egg-info
[0.851s] -- Installing: /home/yujiro22/ros2_ws/install/person_msgs/local/lib/python3.10/dist-packages/person_msgs-0.0.0-py3.10.egg-info/top_level.txt
[0.852s] -- Installing: /home/yujiro22/ros2_ws/install/person_msgs/local/lib/python3.10/dist-packages/person_msgs-0.0.0-py3.10.egg-info/dependency_links.txt
[0.852s] -- Installing: /home/yujiro22/ros2_ws/install/person_msgs/local/lib/python3.10/dist-packages/person_msgs-0.0.0-py3.10.egg-info/SOURCES.txt
[0.852s] -- Installing: /home/yujiro22/ros2_ws/install/person_msgs/local/lib/python3.10/dist-packages/person_msgs-0.0.0-py3.10.egg-info/PKG-INFO
[0.852s] -- Up-to-date: /home/yujiro22/ros2_ws/install/person_msgs/local/lib/python3.10/dist-packages/person_msgs
[0.852s] -- Up-to-date: /home/yujiro22/ros2_ws/install/person_msgs/local/lib/python3.10/dist-packages/person_msgs/srv
[0.852s] -- Up-to-date: /home/yujiro22/ros2_ws/install/person_msgs/local/lib/python3.10/dist-packages/person_msgs/srv/_query_s.c
[0.852s] -- Up-to-date: /home/yujiro22/ros2_ws/install/person_msgs/local/lib/python3.10/dist-packages/person_msgs/srv/_query.py
[0.852s] -- Up-to-date: /home/yujiro22/ros2_ws/install/person_msgs/local/lib/python3.10/dist-packages/person_msgs/srv/__init__.py
[0.852s] -- Up-to-date: /home/yujiro22/ros2_ws/install/person_msgs/local/lib/python3.10/dist-packages/person_msgs/libperson_msgs__rosidl_generator_py.so
[0.852s] -- Up-to-date: /home/yujiro22/ros2_ws/install/person_msgs/local/lib/python3.10/dist-packages/person_msgs/_person_msgs_s.ep.rosidl_typesupport_introspection_c.c
[0.853s] -- Up-to-date: /home/yujiro22/ros2_ws/install/person_msgs/local/lib/python3.10/dist-packages/person_msgs/_person_msgs_s.ep.rosidl_typesupport_c.c
[0.853s] -- Up-to-date: /home/yujiro22/ros2_ws/install/person_msgs/local/lib/python3.10/dist-packages/person_msgs/person_msgs_s__rosidl_typesupport_fastrtps_c.cpython-310-x86_64-linux-gnu.so
[0.853s] -- Up-to-date: /home/yujiro22/ros2_ws/install/person_msgs/local/lib/python3.10/dist-packages/person_msgs/msg
[0.853s] -- Up-to-date: /home/yujiro22/ros2_ws/install/person_msgs/local/lib/python3.10/dist-packages/person_msgs/msg/_person.py
[0.853s] -- Up-to-date: /home/yujiro22/ros2_ws/install/person_msgs/local/lib/python3.10/dist-packages/person_msgs/msg/_person_s.c
[0.853s] -- Up-to-date: /home/yujiro22/ros2_ws/install/person_msgs/local/lib/python3.10/dist-packages/person_msgs/msg/__init__.py
[0.853s] -- Up-to-date: /home/yujiro22/ros2_ws/install/person_msgs/local/lib/python3.10/dist-packages/person_msgs/person_msgs_s__rosidl_typesupport_introspection_c.cpython-310-x86_64-linux-gnu.so
[0.853s] -- Up-to-date: /home/yujiro22/ros2_ws/install/person_msgs/local/lib/python3.10/dist-packages/person_msgs/person_msgs_s__rosidl_typesupport_c.cpython-310-x86_64-linux-gnu.so
[0.853s] -- Up-to-date: /home/yujiro22/ros2_ws/install/person_msgs/local/lib/python3.10/dist-packages/person_msgs/_person_msgs_s.ep.rosidl_typesupport_fastrtps_c.c
[0.854s] -- Up-to-date: /home/yujiro22/ros2_ws/install/person_msgs/local/lib/python3.10/dist-packages/person_msgs/__init__.py
[0.881s] Listing '/home/yujiro22/ros2_ws/install/person_msgs/local/lib/python3.10/dist-packages/person_msgs'...
[0.881s] Listing '/home/yujiro22/ros2_ws/install/person_msgs/local/lib/python3.10/dist-packages/person_msgs/msg'...
[0.881s] Listing '/home/yujiro22/ros2_ws/install/person_msgs/local/lib/python3.10/dist-packages/person_msgs/srv'...
[0.886s] -- Up-to-date: /home/yujiro22/ros2_ws/install/person_msgs/local/lib/python3.10/dist-packages/person_msgs/person_msgs_s__rosidl_typesupport_fastrtps_c.cpython-310-x86_64-linux-gnu.so
[0.886s] -- Up-to-date: /home/yujiro22/ros2_ws/install/person_msgs/local/lib/python3.10/dist-packages/person_msgs/person_msgs_s__rosidl_typesupport_introspection_c.cpython-310-x86_64-linux-gnu.so
[0.886s] -- Up-to-date: /home/yujiro22/ros2_ws/install/person_msgs/local/lib/python3.10/dist-packages/person_msgs/person_msgs_s__rosidl_typesupport_c.cpython-310-x86_64-linux-gnu.so
[0.887s] -- Up-to-date: /home/yujiro22/ros2_ws/install/person_msgs/lib/libperson_msgs__rosidl_generator_py.so
[0.889s] -- Up-to-date: /home/yujiro22/ros2_ws/install/person_msgs/share/person_msgs/msg/Person.idl
[0.889s] -- Up-to-date: /home/yujiro22/ros2_ws/install/person_msgs/share/person_msgs/srv/Query.idl
[0.890s] -- Up-to-date: /home/yujiro22/ros2_ws/install/person_msgs/share/person_msgs/msg/Person.msg
[0.890s] -- Up-to-date: /home/yujiro22/ros2_ws/install/person_msgs/share/person_msgs/srv/Query.srv
[0.890s] -- Up-to-date: /home/yujiro22/ros2_ws/install/person_msgs/share/person_msgs/srv/Query_Request.msg
[0.891s] -- Up-to-date: /home/yujiro22/ros2_ws/install/person_msgs/share/person_msgs/srv/Query_Response.msg
[0.891s] -- Up-to-date: /home/yujiro22/ros2_ws/install/person_msgs/share/ament_index/resource_index/package_run_dependencies/person_msgs
[0.892s] -- Up-to-date: /home/yujiro22/ros2_ws/install/person_msgs/share/ament_index/resource_index/parent_prefix_path/person_msgs
[0.892s] -- Up-to-date: /home/yujiro22/ros2_ws/install/person_msgs/share/person_msgs/environment/ament_prefix_path.sh
[0.893s] -- Up-to-date: /home/yujiro22/ros2_ws/install/person_msgs/share/person_msgs/environment/ament_prefix_path.dsv
[0.893s] -- Up-to-date: /home/yujiro22/ros2_ws/install/person_msgs/share/person_msgs/environment/path.sh
[0.893s] -- Up-to-date: /home/yujiro22/ros2_ws/install/person_msgs/share/person_msgs/environment/path.dsv
[0.893s] -- Up-to-date: /home/yujiro22/ros2_ws/install/person_msgs/share/person_msgs/local_setup.bash
[0.893s] -- Up-to-date: /home/yujiro22/ros2_ws/install/person_msgs/share/person_msgs/local_setup.sh
[0.894s] -- Up-to-date: /home/yujiro22/ros2_ws/install/person_msgs/share/person_msgs/local_setup.zsh
[0.894s] -- Up-to-date: /home/yujiro22/ros2_ws/install/person_msgs/share/person_msgs/local_setup.dsv
[0.894s] -- Installing: /home/yujiro22/ros2_ws/install/person_msgs/share/person_msgs/package.dsv
[0.895s] -- Up-to-date: /home/yujiro22/ros2_ws/install/person_msgs/share/ament_index/resource_index/packages/person_msgs
[0.895s] -- Up-to-date: /home/yujiro22/ros2_ws/install/person_msgs/share/person_msgs/cmake/export_person_msgs__rosidl_generator_cExport.cmake
[0.895s] -- Up-to-date: /home/yujiro22/ros2_ws/install/person_msgs/share/person_msgs/cmake/export_person_msgs__rosidl_generator_cExport-noconfig.cmake
[0.895s] -- Up-to-date: /home/yujiro22/ros2_ws/install/person_msgs/share/person_msgs/cmake/export_person_msgs__rosidl_typesupport_fastrtps_cExport.cmake
[0.895s] -- Up-to-date: /home/yujiro22/ros2_ws/install/person_msgs/share/person_msgs/cmake/export_person_msgs__rosidl_typesupport_fastrtps_cExport-noconfig.cmake
[0.895s] -- Up-to-date: /home/yujiro22/ros2_ws/install/person_msgs/share/person_msgs/cmake/person_msgs__rosidl_typesupport_introspection_cExport.cmake
[0.895s] -- Up-to-date: /home/yujiro22/ros2_ws/install/person_msgs/share/person_msgs/cmake/person_msgs__rosidl_typesupport_introspection_cExport-noconfig.cmake
[0.896s] -- Up-to-date: /home/yujiro22/ros2_ws/install/person_msgs/share/person_msgs/cmake/person_msgs__rosidl_typesupport_cExport.cmake
[0.896s] -- Up-to-date: /home/yujiro22/ros2_ws/install/person_msgs/share/person_msgs/cmake/person_msgs__rosidl_typesupport_cExport-noconfig.cmake
[0.896s] -- Up-to-date: /home/yujiro22/ros2_ws/install/person_msgs/share/person_msgs/cmake/export_person_msgs__rosidl_generator_cppExport.cmake
[0.896s] -- Up-to-date: /home/yujiro22/ros2_ws/install/person_msgs/share/person_msgs/cmake/export_person_msgs__rosidl_typesupport_fastrtps_cppExport.cmake
[0.896s] -- Up-to-date: /home/yujiro22/ros2_ws/install/person_msgs/share/person_msgs/cmake/export_person_msgs__rosidl_typesupport_fastrtps_cppExport-noconfig.cmake
[0.897s] -- Up-to-date: /home/yujiro22/ros2_ws/install/person_msgs/share/person_msgs/cmake/person_msgs__rosidl_typesupport_introspection_cppExport.cmake
[0.897s] -- Up-to-date: /home/yujiro22/ros2_ws/install/person_msgs/share/person_msgs/cmake/person_msgs__rosidl_typesupport_introspection_cppExport-noconfig.cmake
[0.897s] -- Up-to-date: /home/yujiro22/ros2_ws/install/person_msgs/share/person_msgs/cmake/person_msgs__rosidl_typesupport_cppExport.cmake
[0.897s] -- Up-to-date: /home/yujiro22/ros2_ws/install/person_msgs/share/person_msgs/cmake/person_msgs__rosidl_typesupport_cppExport-noconfig.cmake
[0.897s] -- Up-to-date: /home/yujiro22/ros2_ws/install/person_msgs/share/person_msgs/cmake/export_person_msgs__rosidl_generator_pyExport.cmake
[0.897s] -- Up-to-date: /home/yujiro22/ros2_ws/install/person_msgs/share/person_msgs/cmake/export_person_msgs__rosidl_generator_pyExport-noconfig.cmake
[0.898s] -- Up-to-date: /home/yujiro22/ros2_ws/install/person_msgs/share/person_msgs/cmake/rosidl_cmake-extras.cmake
[0.898s] -- Up-to-date: /home/yujiro22/ros2_ws/install/person_msgs/share/person_msgs/cmake/ament_cmake_export_include_directories-extras.cmake
[0.898s] -- Up-to-date: /home/yujiro22/ros2_ws/install/person_msgs/share/person_msgs/cmake/ament_cmake_export_libraries-extras.cmake
[0.899s] -- Up-to-date: /home/yujiro22/ros2_ws/install/person_msgs/share/person_msgs/cmake/ament_cmake_export_targets-extras.cmake
[0.899s] -- Up-to-date: /home/yujiro22/ros2_ws/install/person_msgs/share/person_msgs/cmake/rosidl_cmake_export_typesupport_targets-extras.cmake
[0.900s] -- Up-to-date: /home/yujiro22/ros2_ws/install/person_msgs/share/person_msgs/cmake/ament_cmake_export_dependencies-extras.cmake
[0.900s] -- Up-to-date: /home/yujiro22/ros2_ws/install/person_msgs/share/person_msgs/cmake/rosidl_cmake_export_typesupport_libraries-extras.cmake
[0.901s] -- Up-to-date: /home/yujiro22/ros2_ws/install/person_msgs/share/person_msgs/cmake/person_msgsConfig.cmake
[0.901s] -- Up-to-date: /home/yujiro22/ros2_ws/install/person_msgs/share/person_msgs/cmake/person_msgsConfig-version.cmake
[0.901s] -- Up-to-date: /home/yujiro22/ros2_ws/install/person_msgs/share/person_msgs/package.xml
[0.903s] Invoked command in '/home/yujiro22/ros2_ws/build/person_msgs' returned '0': CMAKE_PREFIX_PATH=${CMAKE_PREFIX_PATH}:/home/yujiro22/ros2_ws/install/mypkg:/opt/ros/humble /usr/bin/cmake --install /home/yujiro22/ros2_ws/build/person_msgs
