[0.360s] Invoking command in '/home/yujiro22/ros2_ws/build/person_msgs': /usr/bin/cmake --build /home/yujiro22/ros2_ws/build/person_msgs -- -j8 -l8
[0.384s] -- Found ament_cmake: 1.3.5 (/opt/ros/humble/share/ament_cmake/cmake)
[0.538s] -- Found rosidl_default_generators: 1.2.0 (/opt/ros/humble/share/rosidl_default_generators/cmake)
[0.540s] -- Using all available rosidl_typesupport_c: rosidl_typesupport_fastrtps_c;rosidl_typesupport_introspection_c
[0.543s] -- Found rosidl_adapter: 3.1.5 (/opt/ros/humble/share/rosidl_adapter/cmake)
[0.964s] -- Using all available rosidl_typesupport_cpp: rosidl_typesupport_fastrtps_cpp;rosidl_typesupport_introspection_cpp
[1.188s] Error parsing '/home/yujiro22/ros2_ws/src/person_msgs/package.xml':
[1.233s] Traceback (most recent call last):
[1.233s]   File "/opt/ros/humble/share/ament_cmake_core/cmake/core/package_xml_2_cmake.py", line 150, in <module>
[1.233s]     main()
[1.233s]   File "/opt/ros/humble/share/ament_cmake_core/cmake/core/package_xml_2_cmake.py", line 53, in main
[1.233s]     raise e
[1.233s]   File "/opt/ros/humble/share/ament_cmake_core/cmake/core/package_xml_2_cmake.py", line 49, in main
[1.233s]     package = parse_package_string(
[1.234s]   File "/usr/lib/python3/dist-packages/catkin_pkg/package.py", line 788, in parse_package_string
[1.234s]     pkg.validate(warnings=warnings)
[1.234s]   File "/usr/lib/python3/dist-packages/catkin_pkg/package.py", line 330, in validate
[1.234s]     raise InvalidPackage('\n'.join(errors), self.filename)
[1.234s] catkin_pkg.package.InvalidPackage: Error(s) in package '/home/yujiro22/ros2_ws/src/person_msgs/package.xml':
[1.234s] The package "person_msgs" must not "exec_depend" on a package with the same name as this package
[1.248s] [31mCMake Error at /opt/ros/humble/share/ament_cmake_core/cmake/core/ament_package_xml.cmake:95 (message):
[1.249s]   execute_process(/usr/bin/python3.10
[1.249s]   /opt/ros/humble/share/ament_cmake_core/cmake/core/package_xml_2_cmake.py
[1.249s]   /home/yujiro22/ros2_ws/src/person_msgs/package.xml
[1.249s]   /home/yujiro22/ros2_ws/build/person_msgs/ament_cmake_core/package.cmake)
[1.249s]   returned error code 1
[1.250s] Call Stack (most recent call first):
[1.250s]   /opt/ros/humble/share/ament_cmake_core/cmake/core/ament_package_xml.cmake:49 (_ament_package_xml)
[1.250s]   /opt/ros/humble/share/rosidl_cmake/cmake/rosidl_generate_interfaces.cmake:226 (ament_package_xml)
[1.250s]   CMakeLists.txt:11 (rosidl_generate_interfaces)
[1.250s] 
[1.251s] [0m
[1.251s] -- Configuring incomplete, errors occurred!
[1.251s] See also "/home/yujiro22/ros2_ws/build/person_msgs/CMakeFiles/CMakeOutput.log".
[1.259s] gmake: *** [Makefile:747: cmake_check_build_system] Error 1
[1.263s] Invoked command in '/home/yujiro22/ros2_ws/build/person_msgs' returned '2': /usr/bin/cmake --build /home/yujiro22/ros2_ws/build/person_msgs -- -j8 -l8
