[0.339s] Invoking command in '/home/yujiro22/ros2_ws/build/person_msgs': CMAKE_PREFIX_PATH=${CMAKE_PREFIX_PATH}:/home/yujiro22/ros2_ws/install/mypkg:/opt/ros/humble /usr/bin/cmake --build /home/yujiro22/ros2_ws/build/person_msgs -- -j8 -l8
[0.362s] -- Found ament_cmake: 1.3.5 (/opt/ros/humble/share/ament_cmake/cmake)
[0.535s] -- Found rosidl_default_generators: 1.2.0 (/opt/ros/humble/share/rosidl_default_generators/cmake)
[0.537s] -- Using all available rosidl_typesupport_c: rosidl_typesupport_fastrtps_c;rosidl_typesupport_introspection_c
[0.539s] -- Found rosidl_adapter: 3.1.5 (/opt/ros/humble/share/rosidl_adapter/cmake)
[0.949s] -- Using all available rosidl_typesupport_cpp: rosidl_typesupport_fastrtps_cpp;rosidl_typesupport_introspection_cpp
[1.243s] -- Found ament_cmake_ros: 0.10.0 (/opt/ros/humble/share/ament_cmake_ros/cmake)
[1.426s] -- Using all available rosidl_typesupport_c: rosidl_typesupport_fastrtps_c;rosidl_typesupport_introspection_c
[1.689s] -- Using all available rosidl_typesupport_cpp: rosidl_typesupport_fastrtps_cpp;rosidl_typesupport_introspection_cpp
[1.718s] -- Found python_cmake_module: 0.10.0 (/opt/ros/humble/share/python_cmake_module/cmake)
[1.745s] -- Using PYTHON_EXECUTABLE: /usr/bin/python3
[1.745s] -- Using PYTHON_INCLUDE_DIRS: /usr/include/python3.10
[1.745s] -- Using PYTHON_LIBRARIES: /usr/lib/x86_64-linux-gnu/libpython3.10.so
[1.766s] -- Found ament_lint_auto: 0.12.8 (/opt/ros/humble/share/ament_lint_auto/cmake)
[1.798s] -- Added test 'lint_cmake' to check CMake code style
[1.799s] -- Added test 'xmllint' to check XML markup files
[1.805s] -- Configuring done
[1.864s] -- Generating done
[1.875s] -- Build files have been written to: /home/yujiro22/ros2_ws/build/person_msgs
[1.908s] [35m[1mConsolidate compiler generated dependencies of target person_msgs__rosidl_generator_c[0m
[1.916s] [  3%] Built target person_msgs__cpp
[1.919s] [ 12%] Built target person_msgs__rosidl_generator_c
[1.927s] [ 12%] Built target ament_cmake_python_copy_person_msgs
[1.928s] [35m[1mConsolidate compiler generated dependencies of target person_msgs__rosidl_typesupport_cpp[0m
[1.928s] [35m[1mConsolidate compiler generated dependencies of target person_msgs__rosidl_typesupport_introspection_cpp[0m
[1.929s] [35m[1mConsolidate compiler generated dependencies of target person_msgs__rosidl_typesupport_fastrtps_cpp[0m
[1.931s] [35m[1mConsolidate compiler generated dependencies of target person_msgs__rosidl_typesupport_fastrtps_c[0m
[1.932s] [35m[1mConsolidate compiler generated dependencies of target person_msgs__rosidl_typesupport_introspection_c[0m
[1.935s] [35m[1mConsolidate compiler generated dependencies of target person_msgs__rosidl_typesupport_c[0m
[1.944s] [ 22%] Built target person_msgs__rosidl_typesupport_cpp
[1.945s] [ 32%] Built target person_msgs__rosidl_typesupport_introspection_c
[1.946s] [ 45%] Built target person_msgs__rosidl_typesupport_fastrtps_cpp
[1.947s] [ 51%] Built target person_msgs__rosidl_typesupport_introspection_cpp
[1.947s] [ 61%] Built target person_msgs__rosidl_typesupport_c
[1.947s] [ 70%] Built target person_msgs__rosidl_typesupport_fastrtps_c
[1.970s] [ 70%] Built target person_msgs
[1.989s] [ 74%] Built target person_msgs__py
[2.000s] [35m[1mConsolidate compiler generated dependencies of target person_msgs__rosidl_generator_py[0m
[2.011s] [ 80%] Built target person_msgs__rosidl_generator_py
[2.022s] [35m[1mConsolidate compiler generated dependencies of target person_msgs__rosidl_typesupport_fastrtps_c__pyext[0m
[2.022s] [35m[1mConsolidate compiler generated dependencies of target person_msgs__rosidl_typesupport_c__pyext[0m
[2.024s] [35m[1mConsolidate compiler generated dependencies of target person_msgs__rosidl_typesupport_introspection_c__pyext[0m
[2.036s] [ 87%] Built target person_msgs__rosidl_typesupport_c__pyext
[2.038s] [ 93%] Built target person_msgs__rosidl_typesupport_fastrtps_c__pyext
[2.038s] [100%] Built target person_msgs__rosidl_typesupport_introspection_c__pyext
[2.240s] running egg_info
[2.241s] writing person_msgs.egg-info/PKG-INFO
[2.242s] writing dependency_links to person_msgs.egg-info/dependency_links.txt
[2.242s] writing top-level names to person_msgs.egg-info/top_level.txt
[2.244s] reading manifest file 'person_msgs.egg-info/SOURCES.txt'
[2.244s] writing manifest file 'person_msgs.egg-info/SOURCES.txt'
[2.274s] [100%] Built target ament_cmake_python_build_person_msgs_egg
[2.289s] Invoked command in '/home/yujiro22/ros2_ws/build/person_msgs' returned '0': CMAKE_PREFIX_PATH=${CMAKE_PREFIX_PATH}:/home/yujiro22/ros2_ws/install/mypkg:/opt/ros/humble /usr/bin/cmake --build /home/yujiro22/ros2_ws/build/person_msgs -- -j8 -l8
[2.352s] Invoking command in '/home/yujiro22/ros2_ws/build/person_msgs': CMAKE_PREFIX_PATH=${CMAKE_PREFIX_PATH}:/home/yujiro22/ros2_ws/install/mypkg:/opt/ros/humble /usr/bin/cmake --install /home/yujiro22/ros2_ws/build/person_msgs
[2.361s] -- Install configuration: ""
[2.361s] -- Up-to-date: /home/yujiro22/ros2_ws/install/person_msgs/share/ament_index/resource_index/rosidl_interfaces/person_msgs
[2.362s] -- Up-to-date: /home/yujiro22/ros2_ws/install/person_msgs/include/person_msgs/person_msgs
[2.362s] -- Up-to-date: /home/yujiro22/ros2_ws/install/person_msgs/include/person_msgs/person_msgs/msg
[2.363s] -- Up-to-date: /home/yujiro22/ros2_ws/install/person_msgs/include/person_msgs/person_msgs/msg/person.h
[2.363s] -- Up-to-date: /home/yujiro22/ros2_ws/install/person_msgs/include/person_msgs/person_msgs/msg/rosidl_generator_c__visibility_control.h
[2.363s] -- Up-to-date: /home/yujiro22/ros2_ws/install/person_msgs/include/person_msgs/person_msgs/msg/detail
[2.364s] -- Up-to-date: /home/yujiro22/ros2_ws/install/person_msgs/include/person_msgs/person_msgs/msg/detail/person__functions.c
[2.364s] -- Up-to-date: /home/yujiro22/ros2_ws/install/person_msgs/include/person_msgs/person_msgs/msg/detail/person__type_support.h
[2.364s] -- Up-to-date: /home/yujiro22/ros2_ws/install/person_msgs/include/person_msgs/person_msgs/msg/detail/person__functions.h
[2.364s] -- Up-to-date: /home/yujiro22/ros2_ws/install/person_msgs/include/person_msgs/person_msgs/msg/detail/person__struct.h
[2.364s] -- Up-to-date: /home/yujiro22/ros2_ws/install/person_msgs/share/person_msgs/environment/library_path.sh
[2.364s] -- Installing: /home/yujiro22/ros2_ws/install/person_msgs/share/person_msgs/environment/library_path.dsv
[2.365s] -- Up-to-date: /home/yujiro22/ros2_ws/install/person_msgs/lib/libperson_msgs__rosidl_generator_c.so
[2.365s] -- Up-to-date: /home/yujiro22/ros2_ws/install/person_msgs/include/person_msgs/person_msgs
[2.365s] -- Up-to-date: /home/yujiro22/ros2_ws/install/person_msgs/include/person_msgs/person_msgs/msg
[2.365s] -- Up-to-date: /home/yujiro22/ros2_ws/install/person_msgs/include/person_msgs/person_msgs/msg/rosidl_typesupport_fastrtps_c__visibility_control.h
[2.365s] -- Up-to-date: /home/yujiro22/ros2_ws/install/person_msgs/include/person_msgs/person_msgs/msg/detail
[2.365s] -- Up-to-date: /home/yujiro22/ros2_ws/install/person_msgs/include/person_msgs/person_msgs/msg/detail/person__rosidl_typesupport_fastrtps_c.h
[2.365s] -- Up-to-date: /home/yujiro22/ros2_ws/install/person_msgs/lib/libperson_msgs__rosidl_typesupport_fastrtps_c.so
[2.366s] -- Up-to-date: /home/yujiro22/ros2_ws/install/person_msgs/include/person_msgs/person_msgs
[2.367s] -- Up-to-date: /home/yujiro22/ros2_ws/install/person_msgs/include/person_msgs/person_msgs/msg
[2.367s] -- Up-to-date: /home/yujiro22/ros2_ws/install/person_msgs/include/person_msgs/person_msgs/msg/rosidl_typesupport_introspection_c__visibility_control.h
[2.368s] -- Up-to-date: /home/yujiro22/ros2_ws/install/person_msgs/include/person_msgs/person_msgs/msg/detail
[2.368s] -- Up-to-date: /home/yujiro22/ros2_ws/install/person_msgs/include/person_msgs/person_msgs/msg/detail/person__type_support.c
[2.369s] -- Up-to-date: /home/yujiro22/ros2_ws/install/person_msgs/include/person_msgs/person_msgs/msg/detail/person__rosidl_typesupport_introspection_c.h
[2.369s] -- Up-to-date: /home/yujiro22/ros2_ws/install/person_msgs/lib/libperson_msgs__rosidl_typesupport_introspection_c.so
[2.369s] -- Up-to-date: /home/yujiro22/ros2_ws/install/person_msgs/lib/libperson_msgs__rosidl_typesupport_c.so
[2.369s] -- Up-to-date: /home/yujiro22/ros2_ws/install/person_msgs/include/person_msgs/person_msgs
[2.370s] -- Up-to-date: /home/yujiro22/ros2_ws/install/person_msgs/include/person_msgs/person_msgs/msg
[2.370s] -- Up-to-date: /home/yujiro22/ros2_ws/install/person_msgs/include/person_msgs/person_msgs/msg/person.hpp
[2.370s] -- Up-to-date: /home/yujiro22/ros2_ws/install/person_msgs/include/person_msgs/person_msgs/msg/detail
[2.370s] -- Up-to-date: /home/yujiro22/ros2_ws/install/person_msgs/include/person_msgs/person_msgs/msg/detail/person__builder.hpp
[2.370s] -- Up-to-date: /home/yujiro22/ros2_ws/install/person_msgs/include/person_msgs/person_msgs/msg/detail/person__traits.hpp
[2.371s] -- Up-to-date: /home/yujiro22/ros2_ws/install/person_msgs/include/person_msgs/person_msgs/msg/detail/person__struct.hpp
[2.371s] -- Up-to-date: /home/yujiro22/ros2_ws/install/person_msgs/include/person_msgs/person_msgs
[2.371s] -- Up-to-date: /home/yujiro22/ros2_ws/install/person_msgs/include/person_msgs/person_msgs/msg
[2.371s] -- Up-to-date: /home/yujiro22/ros2_ws/install/person_msgs/include/person_msgs/person_msgs/msg/rosidl_typesupport_fastrtps_cpp__visibility_control.h
[2.371s] -- Up-to-date: /home/yujiro22/ros2_ws/install/person_msgs/include/person_msgs/person_msgs/msg/detail
[2.371s] -- Up-to-date: /home/yujiro22/ros2_ws/install/person_msgs/include/person_msgs/person_msgs/msg/detail/dds_fastrtps
[2.371s] -- Up-to-date: /home/yujiro22/ros2_ws/install/person_msgs/include/person_msgs/person_msgs/msg/detail/person__rosidl_typesupport_fastrtps_cpp.hpp
[2.371s] -- Up-to-date: /home/yujiro22/ros2_ws/install/person_msgs/lib/libperson_msgs__rosidl_typesupport_fastrtps_cpp.so
[2.371s] -- Up-to-date: /home/yujiro22/ros2_ws/install/person_msgs/include/person_msgs/person_msgs
[2.372s] -- Up-to-date: /home/yujiro22/ros2_ws/install/person_msgs/include/person_msgs/person_msgs/msg
[2.372s] -- Up-to-date: /home/yujiro22/ros2_ws/install/person_msgs/include/person_msgs/person_msgs/msg/detail
[2.372s] -- Up-to-date: /home/yujiro22/ros2_ws/install/person_msgs/include/person_msgs/person_msgs/msg/detail/person__rosidl_typesupport_introspection_cpp.hpp
[2.372s] -- Up-to-date: /home/yujiro22/ros2_ws/install/person_msgs/include/person_msgs/person_msgs/msg/detail/person__type_support.cpp
[2.372s] -- Up-to-date: /home/yujiro22/ros2_ws/install/person_msgs/lib/libperson_msgs__rosidl_typesupport_introspection_cpp.so
[2.372s] -- Up-to-date: /home/yujiro22/ros2_ws/install/person_msgs/lib/libperson_msgs__rosidl_typesupport_cpp.so
[2.372s] -- Up-to-date: /home/yujiro22/ros2_ws/install/person_msgs/share/person_msgs/environment/pythonpath.sh
[2.372s] -- Installing: /home/yujiro22/ros2_ws/install/person_msgs/share/person_msgs/environment/pythonpath.dsv
[2.372s] -- Up-to-date: /home/yujiro22/ros2_ws/install/person_msgs/local/lib/python3.10/dist-packages/person_msgs-0.0.0-py3.10.egg-info
[2.372s] -- Installing: /home/yujiro22/ros2_ws/install/person_msgs/local/lib/python3.10/dist-packages/person_msgs-0.0.0-py3.10.egg-info/top_level.txt
[2.372s] -- Installing: /home/yujiro22/ros2_ws/install/person_msgs/local/lib/python3.10/dist-packages/person_msgs-0.0.0-py3.10.egg-info/dependency_links.txt
[2.372s] -- Installing: /home/yujiro22/ros2_ws/install/person_msgs/local/lib/python3.10/dist-packages/person_msgs-0.0.0-py3.10.egg-info/SOURCES.txt
[2.372s] -- Installing: /home/yujiro22/ros2_ws/install/person_msgs/local/lib/python3.10/dist-packages/person_msgs-0.0.0-py3.10.egg-info/PKG-INFO
[2.372s] -- Up-to-date: /home/yujiro22/ros2_ws/install/person_msgs/local/lib/python3.10/dist-packages/person_msgs
[2.372s] -- Up-to-date: /home/yujiro22/ros2_ws/install/person_msgs/local/lib/python3.10/dist-packages/person_msgs/libperson_msgs__rosidl_generator_py.so
[2.372s] -- Up-to-date: /home/yujiro22/ros2_ws/install/person_msgs/local/lib/python3.10/dist-packages/person_msgs/_person_msgs_s.ep.rosidl_typesupport_introspection_c.c
[2.373s] -- Up-to-date: /home/yujiro22/ros2_ws/install/person_msgs/local/lib/python3.10/dist-packages/person_msgs/_person_msgs_s.ep.rosidl_typesupport_c.c
[2.373s] -- Up-to-date: /home/yujiro22/ros2_ws/install/person_msgs/local/lib/python3.10/dist-packages/person_msgs/person_msgs_s__rosidl_typesupport_fastrtps_c.cpython-310-x86_64-linux-gnu.so
[2.373s] -- Up-to-date: /home/yujiro22/ros2_ws/install/person_msgs/local/lib/python3.10/dist-packages/person_msgs/msg
[2.373s] -- Up-to-date: /home/yujiro22/ros2_ws/install/person_msgs/local/lib/python3.10/dist-packages/person_msgs/msg/_person.py
[2.373s] -- Up-to-date: /home/yujiro22/ros2_ws/install/person_msgs/local/lib/python3.10/dist-packages/person_msgs/msg/_person_s.c
[2.373s] -- Up-to-date: /home/yujiro22/ros2_ws/install/person_msgs/local/lib/python3.10/dist-packages/person_msgs/msg/__init__.py
[2.373s] -- Up-to-date: /home/yujiro22/ros2_ws/install/person_msgs/local/lib/python3.10/dist-packages/person_msgs/person_msgs_s__rosidl_typesupport_introspection_c.cpython-310-x86_64-linux-gnu.so
[2.373s] -- Up-to-date: /home/yujiro22/ros2_ws/install/person_msgs/local/lib/python3.10/dist-packages/person_msgs/person_msgs_s__rosidl_typesupport_c.cpython-310-x86_64-linux-gnu.so
[2.373s] -- Up-to-date: /home/yujiro22/ros2_ws/install/person_msgs/local/lib/python3.10/dist-packages/person_msgs/_person_msgs_s.ep.rosidl_typesupport_fastrtps_c.c
[2.373s] -- Installing: /home/yujiro22/ros2_ws/install/person_msgs/local/lib/python3.10/dist-packages/person_msgs/__init__.py
[2.406s] Listing '/home/yujiro22/ros2_ws/install/person_msgs/local/lib/python3.10/dist-packages/person_msgs'...
[2.406s] Compiling '/home/yujiro22/ros2_ws/install/person_msgs/local/lib/python3.10/dist-packages/person_msgs/__init__.py'...
[2.406s] Listing '/home/yujiro22/ros2_ws/install/person_msgs/local/lib/python3.10/dist-packages/person_msgs/msg'...
[2.410s] -- Up-to-date: /home/yujiro22/ros2_ws/install/person_msgs/local/lib/python3.10/dist-packages/person_msgs/person_msgs_s__rosidl_typesupport_fastrtps_c.cpython-310-x86_64-linux-gnu.so
[2.410s] -- Up-to-date: /home/yujiro22/ros2_ws/install/person_msgs/local/lib/python3.10/dist-packages/person_msgs/person_msgs_s__rosidl_typesupport_introspection_c.cpython-310-x86_64-linux-gnu.so
[2.410s] -- Up-to-date: /home/yujiro22/ros2_ws/install/person_msgs/local/lib/python3.10/dist-packages/person_msgs/person_msgs_s__rosidl_typesupport_c.cpython-310-x86_64-linux-gnu.so
[2.411s] -- Up-to-date: /home/yujiro22/ros2_ws/install/person_msgs/lib/libperson_msgs__rosidl_generator_py.so
[2.411s] -- Up-to-date: /home/yujiro22/ros2_ws/install/person_msgs/share/person_msgs/msg/Person.idl
[2.411s] -- Up-to-date: /home/yujiro22/ros2_ws/install/person_msgs/share/person_msgs/msg/Person.msg
[2.411s] -- Up-to-date: /home/yujiro22/ros2_ws/install/person_msgs/share/ament_index/resource_index/package_run_dependencies/person_msgs
[2.412s] -- Installing: /home/yujiro22/ros2_ws/install/person_msgs/share/ament_index/resource_index/parent_prefix_path/person_msgs
[2.412s] -- Up-to-date: /home/yujiro22/ros2_ws/install/person_msgs/share/person_msgs/environment/ament_prefix_path.sh
[2.412s] -- Installing: /home/yujiro22/ros2_ws/install/person_msgs/share/person_msgs/environment/ament_prefix_path.dsv
[2.412s] -- Up-to-date: /home/yujiro22/ros2_ws/install/person_msgs/share/person_msgs/environment/path.sh
[2.412s] -- Installing: /home/yujiro22/ros2_ws/install/person_msgs/share/person_msgs/environment/path.dsv
[2.412s] -- Up-to-date: /home/yujiro22/ros2_ws/install/person_msgs/share/person_msgs/local_setup.bash
[2.413s] -- Up-to-date: /home/yujiro22/ros2_ws/install/person_msgs/share/person_msgs/local_setup.sh
[2.413s] -- Up-to-date: /home/yujiro22/ros2_ws/install/person_msgs/share/person_msgs/local_setup.zsh
[2.413s] -- Installing: /home/yujiro22/ros2_ws/install/person_msgs/share/person_msgs/local_setup.dsv
[2.413s] -- Installing: /home/yujiro22/ros2_ws/install/person_msgs/share/person_msgs/package.dsv
[2.414s] -- Up-to-date: /home/yujiro22/ros2_ws/install/person_msgs/share/ament_index/resource_index/packages/person_msgs
[2.414s] -- Up-to-date: /home/yujiro22/ros2_ws/install/person_msgs/share/person_msgs/cmake/export_person_msgs__rosidl_generator_cExport.cmake
[2.414s] -- Up-to-date: /home/yujiro22/ros2_ws/install/person_msgs/share/person_msgs/cmake/export_person_msgs__rosidl_generator_cExport-noconfig.cmake
[2.414s] -- Up-to-date: /home/yujiro22/ros2_ws/install/person_msgs/share/person_msgs/cmake/export_person_msgs__rosidl_typesupport_fastrtps_cExport.cmake
[2.414s] -- Up-to-date: /home/yujiro22/ros2_ws/install/person_msgs/share/person_msgs/cmake/export_person_msgs__rosidl_typesupport_fastrtps_cExport-noconfig.cmake
[2.415s] -- Up-to-date: /home/yujiro22/ros2_ws/install/person_msgs/share/person_msgs/cmake/person_msgs__rosidl_typesupport_introspection_cExport.cmake
[2.415s] -- Up-to-date: /home/yujiro22/ros2_ws/install/person_msgs/share/person_msgs/cmake/person_msgs__rosidl_typesupport_introspection_cExport-noconfig.cmake
[2.415s] -- Up-to-date: /home/yujiro22/ros2_ws/install/person_msgs/share/person_msgs/cmake/person_msgs__rosidl_typesupport_cExport.cmake
[2.415s] -- Up-to-date: /home/yujiro22/ros2_ws/install/person_msgs/share/person_msgs/cmake/person_msgs__rosidl_typesupport_cExport-noconfig.cmake
[2.415s] -- Up-to-date: /home/yujiro22/ros2_ws/install/person_msgs/share/person_msgs/cmake/export_person_msgs__rosidl_generator_cppExport.cmake
[2.416s] -- Up-to-date: /home/yujiro22/ros2_ws/install/person_msgs/share/person_msgs/cmake/export_person_msgs__rosidl_typesupport_fastrtps_cppExport.cmake
[2.416s] -- Up-to-date: /home/yujiro22/ros2_ws/install/person_msgs/share/person_msgs/cmake/export_person_msgs__rosidl_typesupport_fastrtps_cppExport-noconfig.cmake
[2.416s] -- Up-to-date: /home/yujiro22/ros2_ws/install/person_msgs/share/person_msgs/cmake/person_msgs__rosidl_typesupport_introspection_cppExport.cmake
[2.416s] -- Up-to-date: /home/yujiro22/ros2_ws/install/person_msgs/share/person_msgs/cmake/person_msgs__rosidl_typesupport_introspection_cppExport-noconfig.cmake
[2.416s] -- Up-to-date: /home/yujiro22/ros2_ws/install/person_msgs/share/person_msgs/cmake/person_msgs__rosidl_typesupport_cppExport.cmake
[2.416s] -- Up-to-date: /home/yujiro22/ros2_ws/install/person_msgs/share/person_msgs/cmake/person_msgs__rosidl_typesupport_cppExport-noconfig.cmake
[2.416s] -- Up-to-date: /home/yujiro22/ros2_ws/install/person_msgs/share/person_msgs/cmake/export_person_msgs__rosidl_generator_pyExport.cmake
[2.416s] -- Up-to-date: /home/yujiro22/ros2_ws/install/person_msgs/share/person_msgs/cmake/export_person_msgs__rosidl_generator_pyExport-noconfig.cmake
[2.416s] -- Up-to-date: /home/yujiro22/ros2_ws/install/person_msgs/share/person_msgs/cmake/rosidl_cmake-extras.cmake
[2.417s] -- Up-to-date: /home/yujiro22/ros2_ws/install/person_msgs/share/person_msgs/cmake/ament_cmake_export_include_directories-extras.cmake
[2.417s] -- Up-to-date: /home/yujiro22/ros2_ws/install/person_msgs/share/person_msgs/cmake/ament_cmake_export_libraries-extras.cmake
[2.417s] -- Up-to-date: /home/yujiro22/ros2_ws/install/person_msgs/share/person_msgs/cmake/ament_cmake_export_targets-extras.cmake
[2.417s] -- Up-to-date: /home/yujiro22/ros2_ws/install/person_msgs/share/person_msgs/cmake/rosidl_cmake_export_typesupport_targets-extras.cmake
[2.417s] -- Up-to-date: /home/yujiro22/ros2_ws/install/person_msgs/share/person_msgs/cmake/ament_cmake_export_dependencies-extras.cmake
[2.417s] -- Up-to-date: /home/yujiro22/ros2_ws/install/person_msgs/share/person_msgs/cmake/rosidl_cmake_export_typesupport_libraries-extras.cmake
[2.418s] -- Up-to-date: /home/yujiro22/ros2_ws/install/person_msgs/share/person_msgs/cmake/person_msgsConfig.cmake
[2.418s] -- Up-to-date: /home/yujiro22/ros2_ws/install/person_msgs/share/person_msgs/cmake/person_msgsConfig-version.cmake
[2.418s] -- Installing: /home/yujiro22/ros2_ws/install/person_msgs/share/person_msgs/package.xml
[2.419s] Invoked command in '/home/yujiro22/ros2_ws/build/person_msgs' returned '0': CMAKE_PREFIX_PATH=${CMAKE_PREFIX_PATH}:/home/yujiro22/ros2_ws/install/mypkg:/opt/ros/humble /usr/bin/cmake --install /home/yujiro22/ros2_ws/build/person_msgs
