[0.851s] Invoking command in '/home/yujiro22/ros2_ws/src/mypkg': PYTHONPATH=/home/yujiro22/ros2_ws/build/mypkg/prefix_override:/home/yujiro22/ros2_ws/install/mypkg/lib/python3.10/site-packages:${PYTHONPATH} /usr/bin/python3 setup.py egg_info --egg-base ../../build/mypkg build --build-base /home/yujiro22/ros2_ws/build/mypkg/build install --record /home/yujiro22/ros2_ws/build/mypkg/install.log --single-version-externally-managed
[1.184s] running egg_info
[1.185s] writing ../../build/mypkg/mypkg.egg-info/PKG-INFO
[1.185s] writing dependency_links to ../../build/mypkg/mypkg.egg-info/dependency_links.txt
[1.185s] writing entry points to ../../build/mypkg/mypkg.egg-info/entry_points.txt
[1.185s] writing requirements to ../../build/mypkg/mypkg.egg-info/requires.txt
[1.185s] writing top-level names to ../../build/mypkg/mypkg.egg-info/top_level.txt
[1.186s] reading manifest file '../../build/mypkg/mypkg.egg-info/SOURCES.txt'
[1.188s] writing manifest file '../../build/mypkg/mypkg.egg-info/SOURCES.txt'
[1.188s] running build
[1.188s] running build_py
[1.189s] running install
[1.191s] /usr/lib/python3/dist-packages/setuptools/command/install.py:34: SetuptoolsDeprecationWarning: setup.py install is deprecated. Use build and pip and other standards-based tools.
[1.191s]   warnings.warn(
[1.191s] running install_lib
[1.192s] running install_data
[1.192s] running install_egg_info
[1.193s] removing '/home/yujiro22/ros2_ws/install/mypkg/lib/python3.10/site-packages/mypkg-0.0.0-py3.10.egg-info' (and everything under it)
[1.193s] Copying ../../build/mypkg/mypkg.egg-info to /home/yujiro22/ros2_ws/install/mypkg/lib/python3.10/site-packages/mypkg-0.0.0-py3.10.egg-info
[1.193s] running install_scripts
[1.213s] Installing listener script to /home/yujiro22/ros2_ws/install/mypkg/lib/mypkg
[1.214s] Installing talker script to /home/yujiro22/ros2_ws/install/mypkg/lib/mypkg
[1.215s] writing list of installed files to '/home/yujiro22/ros2_ws/build/mypkg/install.log'
[1.262s] Invoked command in '/home/yujiro22/ros2_ws/src/mypkg' returned '0': PYTHONPATH=/home/yujiro22/ros2_ws/build/mypkg/prefix_override:/home/yujiro22/ros2_ws/install/mypkg/lib/python3.10/site-packages:${PYTHONPATH} /usr/bin/python3 setup.py egg_info --egg-base ../../build/mypkg build --build-base /home/yujiro22/ros2_ws/build/mypkg/build install --record /home/yujiro22/ros2_ws/build/mypkg/install.log --single-version-externally-managed
