[0.389s] Invoking command in '/home/yujiro22/ros2_ws/src/mypkg': PYTHONPATH=/home/yujiro22/ros2_ws/build/mypkg/prefix_override:/home/yujiro22/ros2_ws/install/mypkg/lib/python3.10/site-packages:${PYTHONPATH} /usr/bin/python3 setup.py egg_info --egg-base ../../build/mypkg build --build-base /home/yujiro22/ros2_ws/build/mypkg/build install --record /home/yujiro22/ros2_ws/build/mypkg/install.log --single-version-externally-managed
[0.508s] running egg_info
[0.509s] writing ../../build/mypkg/mypkg.egg-info/PKG-INFO
[0.509s] writing dependency_links to ../../build/mypkg/mypkg.egg-info/dependency_links.txt
[0.509s] writing entry points to ../../build/mypkg/mypkg.egg-info/entry_points.txt
[0.509s] writing requirements to ../../build/mypkg/mypkg.egg-info/requires.txt
[0.509s] writing top-level names to ../../build/mypkg/mypkg.egg-info/top_level.txt
[0.510s] reading manifest file '../../build/mypkg/mypkg.egg-info/SOURCES.txt'
[0.510s] writing manifest file '../../build/mypkg/mypkg.egg-info/SOURCES.txt'
[0.510s] running build
[0.510s] running build_py
[0.511s] copying mypkg/talker.py -> /home/yujiro22/ros2_ws/build/mypkg/build/lib/mypkg
[0.511s] running install
[0.511s] /usr/lib/python3/dist-packages/setuptools/command/install.py:34: SetuptoolsDeprecationWarning: setup.py install is deprecated. Use build and pip and other standards-based tools.
[0.511s]   warnings.warn(
[0.511s] running install_lib
[0.512s] copying /home/yujiro22/ros2_ws/build/mypkg/build/lib/mypkg/talker.py -> /home/yujiro22/ros2_ws/install/mypkg/lib/python3.10/site-packages/mypkg
[0.513s] byte-compiling /home/yujiro22/ros2_ws/install/mypkg/lib/python3.10/site-packages/mypkg/talker.py to talker.cpython-310.pyc
[0.513s] running install_data
[0.513s] Sorry: IndentationError: unindent does not match any outer indentation level (talker.py, line 16)
[0.513s] copying package.xml -> /home/yujiro22/ros2_ws/install/mypkg/share/mypkg
[0.513s] running install_egg_info
[0.515s] removing '/home/yujiro22/ros2_ws/install/mypkg/lib/python3.10/site-packages/mypkg-0.0.0-py3.10.egg-info' (and everything under it)
[0.516s] Copying ../../build/mypkg/mypkg.egg-info to /home/yujiro22/ros2_ws/install/mypkg/lib/python3.10/site-packages/mypkg-0.0.0-py3.10.egg-info
[0.517s] running install_scripts
[0.536s] Installing talker script to /home/yujiro22/ros2_ws/install/mypkg/lib/mypkg
[0.536s] writing list of installed files to '/home/yujiro22/ros2_ws/build/mypkg/install.log'
[0.564s] Invoked command in '/home/yujiro22/ros2_ws/src/mypkg' returned '0': PYTHONPATH=/home/yujiro22/ros2_ws/build/mypkg/prefix_override:/home/yujiro22/ros2_ws/install/mypkg/lib/python3.10/site-packages:${PYTHONPATH} /usr/bin/python3 setup.py egg_info --egg-base ../../build/mypkg build --build-base /home/yujiro22/ros2_ws/build/mypkg/build install --record /home/yujiro22/ros2_ws/build/mypkg/install.log --single-version-externally-managed
