[0.469s] Invoking command in '/home/yujiro22/ros2_ws/src/mypkg': PYTHONPATH=/home/yujiro22/ros2_ws/build/mypkg/prefix_override:/home/yujiro22/ros2_ws/install/mypkg/lib/python3.10/site-packages:${PYTHONPATH} /usr/bin/python3 setup.py egg_info --egg-base ../../build/mypkg build --build-base /home/yujiro22/ros2_ws/build/mypkg/build install --record /home/yujiro22/ros2_ws/build/mypkg/install.log --single-version-externally-managed
[0.609s] running egg_info
[0.610s] writing ../../build/mypkg/mypkg.egg-info/PKG-INFO
[0.610s] writing dependency_links to ../../build/mypkg/mypkg.egg-info/dependency_links.txt
[0.610s] writing entry points to ../../build/mypkg/mypkg.egg-info/entry_points.txt
[0.611s] writing requirements to ../../build/mypkg/mypkg.egg-info/requires.txt
[0.611s] writing top-level names to ../../build/mypkg/mypkg.egg-info/top_level.txt
[0.613s] reading manifest file '../../build/mypkg/mypkg.egg-info/SOURCES.txt'
[0.614s] writing manifest file '../../build/mypkg/mypkg.egg-info/SOURCES.txt'
[0.614s] running build
[0.614s] running build_py
[0.615s] running install
[0.615s] /usr/lib/python3/dist-packages/setuptools/command/install.py:34: SetuptoolsDeprecationWarning: setup.py install is deprecated. Use build and pip and other standards-based tools.
[0.615s]   warnings.warn(
[0.616s] running install_lib
[0.617s] creating /home/yujiro22/ros2_ws/install/mypkg/lib/python3.10/site-packages/mypkg
[0.617s] copying /home/yujiro22/ros2_ws/build/mypkg/build/lib/mypkg/talker.py -> /home/yujiro22/ros2_ws/install/mypkg/lib/python3.10/site-packages/mypkg
[0.617s] copying /home/yujiro22/ros2_ws/build/mypkg/build/lib/mypkg/listener.py -> /home/yujiro22/ros2_ws/install/mypkg/lib/python3.10/site-packages/mypkg
[0.618s] copying /home/yujiro22/ros2_ws/build/mypkg/build/lib/mypkg/__init__.py -> /home/yujiro22/ros2_ws/install/mypkg/lib/python3.10/site-packages/mypkg
[0.618s] byte-compiling /home/yujiro22/ros2_ws/install/mypkg/lib/python3.10/site-packages/mypkg/talker.py to talker.cpython-310.pyc
[0.619s] byte-compiling /home/yujiro22/ros2_ws/install/mypkg/lib/python3.10/site-packages/mypkg/listener.py to listener.cpython-310.pyc
[0.619s] byte-compiling /home/yujiro22/ros2_ws/install/mypkg/lib/python3.10/site-packages/mypkg/__init__.py to __init__.cpython-310.pyc
[0.619s] running install_data
[0.620s] creating /home/yujiro22/ros2_ws/install/mypkg/share/ament_index
[0.620s] creating /home/yujiro22/ros2_ws/install/mypkg/share/ament_index/resource_index
[0.620s] creating /home/yujiro22/ros2_ws/install/mypkg/share/ament_index/resource_index/packages
[0.620s] copying resource/mypkg -> /home/yujiro22/ros2_ws/install/mypkg/share/ament_index/resource_index/packages
[0.621s] copying package.xml -> /home/yujiro22/ros2_ws/install/mypkg/share/mypkg
[0.621s] copying launch/talk_listen.launch.py -> /home/yujiro22/ros2_ws/install/mypkg/share/mypkg
[0.622s] running install_egg_info
[0.623s] Copying ../../build/mypkg/mypkg.egg-info to /home/yujiro22/ros2_ws/install/mypkg/lib/python3.10/site-packages/mypkg-0.0.0-py3.10.egg-info
[0.626s] running install_scripts
[0.643s] Installing listener script to /home/yujiro22/ros2_ws/install/mypkg/lib/mypkg
[0.643s] Installing talker script to /home/yujiro22/ros2_ws/install/mypkg/lib/mypkg
[0.643s] writing list of installed files to '/home/yujiro22/ros2_ws/build/mypkg/install.log'
[0.673s] Invoked command in '/home/yujiro22/ros2_ws/src/mypkg' returned '0': PYTHONPATH=/home/yujiro22/ros2_ws/build/mypkg/prefix_override:/home/yujiro22/ros2_ws/install/mypkg/lib/python3.10/site-packages:${PYTHONPATH} /usr/bin/python3 setup.py egg_info --egg-base ../../build/mypkg build --build-base /home/yujiro22/ros2_ws/build/mypkg/build install --record /home/yujiro22/ros2_ws/build/mypkg/install.log --single-version-externally-managed
