[0.377s] Invoking command in '/home/yujiro22/ros2_ws/build/person_msgs': CMAKE_PREFIX_PATH=${CMAKE_PREFIX_PATH}:/home/yujiro22/ros2_ws/install/mypkg:/opt/ros/humble /usr/bin/cmake --build /home/yujiro22/ros2_ws/build/person_msgs -- -j8 -l8
[0.433s] [  3%] Built target person_msgs__cpp
[0.433s] [ 12%] Built target person_msgs__rosidl_generator_c
[0.460s] [ 12%] Built target ament_cmake_python_copy_person_msgs
[0.465s] [ 45%] Built target person_msgs__rosidl_typesupport_fastrtps_cpp
[0.465s] [ 58%] Built target person_msgs__rosidl_typesupport_cpp
[0.465s] [ 58%] Built target person_msgs__rosidl_typesupport_c
[0.465s] [ 58%] Built target person_msgs__rosidl_typesupport_fastrtps_c
[0.466s] [ 61%] Built target person_msgs__rosidl_typesupport_introspection_cpp
[0.471s] [ 70%] Built target person_msgs__rosidl_typesupport_introspection_c
[0.490s] [ 70%] Built target person_msgs
[0.509s] [ 74%] Built target person_msgs__py
[0.521s] [35m[1mConsolidate compiler generated dependencies of target person_msgs__rosidl_generator_py[0m
[0.534s] [ 80%] Built target person_msgs__rosidl_generator_py
[0.550s] [35m[1mConsolidate compiler generated dependencies of target person_msgs__rosidl_typesupport_introspection_c__pyext[0m
[0.550s] [35m[1mConsolidate compiler generated dependencies of target person_msgs__rosidl_typesupport_c__pyext[0m
[0.550s] [35m[1mConsolidate compiler generated dependencies of target person_msgs__rosidl_typesupport_fastrtps_c__pyext[0m
[0.565s] [ 90%] Built target person_msgs__rosidl_typesupport_fastrtps_c__pyext
[0.566s] [ 93%] Built target person_msgs__rosidl_typesupport_c__pyext
[0.567s] [100%] Built target person_msgs__rosidl_typesupport_introspection_c__pyext
[0.727s] running egg_info
[0.728s] writing person_msgs.egg-info/PKG-INFO
[0.729s] writing dependency_links to person_msgs.egg-info/dependency_links.txt
[0.729s] writing top-level names to person_msgs.egg-info/top_level.txt
[0.733s] reading manifest file 'person_msgs.egg-info/SOURCES.txt'
[0.734s] writing manifest file 'person_msgs.egg-info/SOURCES.txt'
[0.769s] [100%] Built target ament_cmake_python_build_person_msgs_egg
[0.783s] Invoked command in '/home/yujiro22/ros2_ws/build/person_msgs' returned '0': CMAKE_PREFIX_PATH=${CMAKE_PREFIX_PATH}:/home/yujiro22/ros2_ws/install/mypkg:/opt/ros/humble /usr/bin/cmake --build /home/yujiro22/ros2_ws/build/person_msgs -- -j8 -l8
[0.847s] Invoking command in '/home/yujiro22/ros2_ws/build/person_msgs': CMAKE_PREFIX_PATH=${CMAKE_PREFIX_PATH}:/home/yujiro22/ros2_ws/install/mypkg:/opt/ros/humble /usr/bin/cmake --install /home/yujiro22/ros2_ws/build/person_msgs
[0.857s] -- Install configuration: ""
[0.858s] -- Up-to-date: /home/yujiro22/ros2_ws/install/person_msgs/share/ament_index/resource_index/rosidl_interfaces/person_msgs
[0.858s] -- Up-to-date: /home/yujiro22/ros2_ws/install/person_msgs/include/person_msgs/person_msgs
[0.858s] -- Up-to-date: /home/yujiro22/ros2_ws/install/person_msgs/include/person_msgs/person_msgs/msg
[0.858s] -- Up-to-date: /home/yujiro22/ros2_ws/install/person_msgs/include/person_msgs/person_msgs/msg/person.h
[0.859s] -- Up-to-date: /home/yujiro22/ros2_ws/install/person_msgs/include/person_msgs/person_msgs/msg/rosidl_generator_c__visibility_control.h
[0.859s] -- Up-to-date: /home/yujiro22/ros2_ws/install/person_msgs/include/person_msgs/person_msgs/msg/detail
[0.859s] -- Up-to-date: /home/yujiro22/ros2_ws/install/person_msgs/include/person_msgs/person_msgs/msg/detail/person__functions.c
[0.859s] -- Up-to-date: /home/yujiro22/ros2_ws/install/person_msgs/include/person_msgs/person_msgs/msg/detail/person__type_support.h
[0.860s] -- Up-to-date: /home/yujiro22/ros2_ws/install/person_msgs/include/person_msgs/person_msgs/msg/detail/person__functions.h
[0.860s] -- Up-to-date: /home/yujiro22/ros2_ws/install/person_msgs/include/person_msgs/person_msgs/msg/detail/person__struct.h
[0.860s] -- Up-to-date: /home/yujiro22/ros2_ws/install/person_msgs/share/person_msgs/environment/library_path.sh
[0.860s] -- Up-to-date: /home/yujiro22/ros2_ws/install/person_msgs/share/person_msgs/environment/library_path.dsv
[0.861s] -- Up-to-date: /home/yujiro22/ros2_ws/install/person_msgs/lib/libperson_msgs__rosidl_generator_c.so
[0.861s] -- Up-to-date: /home/yujiro22/ros2_ws/install/person_msgs/include/person_msgs/person_msgs
[0.861s] -- Up-to-date: /home/yujiro22/ros2_ws/install/person_msgs/include/person_msgs/person_msgs/msg
[0.861s] -- Up-to-date: /home/yujiro22/ros2_ws/install/person_msgs/include/person_msgs/person_msgs/msg/rosidl_typesupport_fastrtps_c__visibility_control.h
[0.861s] -- Up-to-date: /home/yujiro22/ros2_ws/install/person_msgs/include/person_msgs/person_msgs/msg/detail
[0.862s] -- Up-to-date: /home/yujiro22/ros2_ws/install/person_msgs/include/person_msgs/person_msgs/msg/detail/person__rosidl_typesupport_fastrtps_c.h
[0.862s] -- Up-to-date: /home/yujiro22/ros2_ws/install/person_msgs/lib/libperson_msgs__rosidl_typesupport_fastrtps_c.so
[0.862s] -- Up-to-date: /home/yujiro22/ros2_ws/install/person_msgs/include/person_msgs/person_msgs
[0.862s] -- Up-to-date: /home/yujiro22/ros2_ws/install/person_msgs/include/person_msgs/person_msgs/msg
[0.863s] -- Up-to-date: /home/yujiro22/ros2_ws/install/person_msgs/include/person_msgs/person_msgs/msg/rosidl_typesupport_introspection_c__visibility_control.h
[0.863s] -- Up-to-date: /home/yujiro22/ros2_ws/install/person_msgs/include/person_msgs/person_msgs/msg/detail
[0.863s] -- Up-to-date: /home/yujiro22/ros2_ws/install/person_msgs/include/person_msgs/person_msgs/msg/detail/person__type_support.c
[0.863s] -- Up-to-date: /home/yujiro22/ros2_ws/install/person_msgs/include/person_msgs/person_msgs/msg/detail/person__rosidl_typesupport_introspection_c.h
[0.864s] -- Up-to-date: /home/yujiro22/ros2_ws/install/person_msgs/lib/libperson_msgs__rosidl_typesupport_introspection_c.so
[0.864s] -- Up-to-date: /home/yujiro22/ros2_ws/install/person_msgs/lib/libperson_msgs__rosidl_typesupport_c.so
[0.864s] -- Up-to-date: /home/yujiro22/ros2_ws/install/person_msgs/include/person_msgs/person_msgs
[0.864s] -- Up-to-date: /home/yujiro22/ros2_ws/install/person_msgs/include/person_msgs/person_msgs/msg
[0.864s] -- Up-to-date: /home/yujiro22/ros2_ws/install/person_msgs/include/person_msgs/person_msgs/msg/person.hpp
[0.864s] -- Up-to-date: /home/yujiro22/ros2_ws/install/person_msgs/include/person_msgs/person_msgs/msg/detail
[0.864s] -- Up-to-date: /home/yujiro22/ros2_ws/install/person_msgs/include/person_msgs/person_msgs/msg/detail/person__builder.hpp
[0.864s] -- Up-to-date: /home/yujiro22/ros2_ws/install/person_msgs/include/person_msgs/person_msgs/msg/detail/person__traits.hpp
[0.864s] -- Up-to-date: /home/yujiro22/ros2_ws/install/person_msgs/include/person_msgs/person_msgs/msg/detail/person__struct.hpp
[0.865s] -- Up-to-date: /home/yujiro22/ros2_ws/install/person_msgs/include/person_msgs/person_msgs
[0.865s] -- Up-to-date: /home/yujiro22/ros2_ws/install/person_msgs/include/person_msgs/person_msgs/msg
[0.865s] -- Up-to-date: /home/yujiro22/ros2_ws/install/person_msgs/include/person_msgs/person_msgs/msg/rosidl_typesupport_fastrtps_cpp__visibility_control.h
[0.865s] -- Up-to-date: /home/yujiro22/ros2_ws/install/person_msgs/include/person_msgs/person_msgs/msg/detail
[0.865s] -- Up-to-date: /home/yujiro22/ros2_ws/install/person_msgs/include/person_msgs/person_msgs/msg/detail/dds_fastrtps
[0.865s] -- Up-to-date: /home/yujiro22/ros2_ws/install/person_msgs/include/person_msgs/person_msgs/msg/detail/person__rosidl_typesupport_fastrtps_cpp.hpp
[0.865s] -- Up-to-date: /home/yujiro22/ros2_ws/install/person_msgs/lib/libperson_msgs__rosidl_typesupport_fastrtps_cpp.so
[0.865s] -- Up-to-date: /home/yujiro22/ros2_ws/install/person_msgs/include/person_msgs/person_msgs
[0.865s] -- Up-to-date: /home/yujiro22/ros2_ws/install/person_msgs/include/person_msgs/person_msgs/msg
[0.865s] -- Up-to-date: /home/yujiro22/ros2_ws/install/person_msgs/include/person_msgs/person_msgs/msg/detail
[0.865s] -- Up-to-date: /home/yujiro22/ros2_ws/install/person_msgs/include/person_msgs/person_msgs/msg/detail/person__rosidl_typesupport_introspection_cpp.hpp
[0.865s] -- Up-to-date: /home/yujiro22/ros2_ws/install/person_msgs/include/person_msgs/person_msgs/msg/detail/person__type_support.cpp
[0.866s] -- Up-to-date: /home/yujiro22/ros2_ws/install/person_msgs/lib/libperson_msgs__rosidl_typesupport_introspection_cpp.so
[0.866s] -- Up-to-date: /home/yujiro22/ros2_ws/install/person_msgs/lib/libperson_msgs__rosidl_typesupport_cpp.so
[0.866s] -- Up-to-date: /home/yujiro22/ros2_ws/install/person_msgs/share/person_msgs/environment/pythonpath.sh
[0.866s] -- Up-to-date: /home/yujiro22/ros2_ws/install/person_msgs/share/person_msgs/environment/pythonpath.dsv
[0.866s] -- Up-to-date: /home/yujiro22/ros2_ws/install/person_msgs/local/lib/python3.10/dist-packages/person_msgs-0.0.0-py3.10.egg-info
[0.866s] -- Installing: /home/yujiro22/ros2_ws/install/person_msgs/local/lib/python3.10/dist-packages/person_msgs-0.0.0-py3.10.egg-info/top_level.txt
[0.866s] -- Installing: /home/yujiro22/ros2_ws/install/person_msgs/local/lib/python3.10/dist-packages/person_msgs-0.0.0-py3.10.egg-info/dependency_links.txt
[0.866s] -- Installing: /home/yujiro22/ros2_ws/install/person_msgs/local/lib/python3.10/dist-packages/person_msgs-0.0.0-py3.10.egg-info/SOURCES.txt
[0.866s] -- Installing: /home/yujiro22/ros2_ws/install/person_msgs/local/lib/python3.10/dist-packages/person_msgs-0.0.0-py3.10.egg-info/PKG-INFO
[0.866s] -- Up-to-date: /home/yujiro22/ros2_ws/install/person_msgs/local/lib/python3.10/dist-packages/person_msgs
[0.867s] -- Up-to-date: /home/yujiro22/ros2_ws/install/person_msgs/local/lib/python3.10/dist-packages/person_msgs/libperson_msgs__rosidl_generator_py.so
[0.867s] -- Up-to-date: /home/yujiro22/ros2_ws/install/person_msgs/local/lib/python3.10/dist-packages/person_msgs/_person_msgs_s.ep.rosidl_typesupport_introspection_c.c
[0.867s] -- Up-to-date: /home/yujiro22/ros2_ws/install/person_msgs/local/lib/python3.10/dist-packages/person_msgs/_person_msgs_s.ep.rosidl_typesupport_c.c
[0.867s] -- Up-to-date: /home/yujiro22/ros2_ws/install/person_msgs/local/lib/python3.10/dist-packages/person_msgs/person_msgs_s__rosidl_typesupport_fastrtps_c.cpython-310-x86_64-linux-gnu.so
[0.867s] -- Up-to-date: /home/yujiro22/ros2_ws/install/person_msgs/local/lib/python3.10/dist-packages/person_msgs/msg
[0.867s] -- Up-to-date: /home/yujiro22/ros2_ws/install/person_msgs/local/lib/python3.10/dist-packages/person_msgs/msg/_person.py
[0.867s] -- Up-to-date: /home/yujiro22/ros2_ws/install/person_msgs/local/lib/python3.10/dist-packages/person_msgs/msg/_person_s.c
[0.867s] -- Up-to-date: /home/yujiro22/ros2_ws/install/person_msgs/local/lib/python3.10/dist-packages/person_msgs/msg/__init__.py
[0.867s] -- Up-to-date: /home/yujiro22/ros2_ws/install/person_msgs/local/lib/python3.10/dist-packages/person_msgs/person_msgs_s__rosidl_typesupport_introspection_c.cpython-310-x86_64-linux-gnu.so
[0.867s] -- Up-to-date: /home/yujiro22/ros2_ws/install/person_msgs/local/lib/python3.10/dist-packages/person_msgs/person_msgs_s__rosidl_typesupport_c.cpython-310-x86_64-linux-gnu.so
[0.868s] -- Up-to-date: /home/yujiro22/ros2_ws/install/person_msgs/local/lib/python3.10/dist-packages/person_msgs/_person_msgs_s.ep.rosidl_typesupport_fastrtps_c.c
[0.868s] -- Up-to-date: /home/yujiro22/ros2_ws/install/person_msgs/local/lib/python3.10/dist-packages/person_msgs/__init__.py
[0.906s] Listing '/home/yujiro22/ros2_ws/install/person_msgs/local/lib/python3.10/dist-packages/person_msgs'...
[0.906s] Listing '/home/yujiro22/ros2_ws/install/person_msgs/local/lib/python3.10/dist-packages/person_msgs/msg'...
[0.911s] -- Up-to-date: /home/yujiro22/ros2_ws/install/person_msgs/local/lib/python3.10/dist-packages/person_msgs/person_msgs_s__rosidl_typesupport_fastrtps_c.cpython-310-x86_64-linux-gnu.so
[0.912s] -- Up-to-date: /home/yujiro22/ros2_ws/install/person_msgs/local/lib/python3.10/dist-packages/person_msgs/person_msgs_s__rosidl_typesupport_introspection_c.cpython-310-x86_64-linux-gnu.so
[0.912s] -- Up-to-date: /home/yujiro22/ros2_ws/install/person_msgs/local/lib/python3.10/dist-packages/person_msgs/person_msgs_s__rosidl_typesupport_c.cpython-310-x86_64-linux-gnu.so
[0.912s] -- Up-to-date: /home/yujiro22/ros2_ws/install/person_msgs/lib/libperson_msgs__rosidl_generator_py.so
[0.913s] -- Up-to-date: /home/yujiro22/ros2_ws/install/person_msgs/share/person_msgs/msg/Person.idl
[0.913s] -- Up-to-date: /home/yujiro22/ros2_ws/install/person_msgs/share/person_msgs/msg/Person.msg
[0.913s] -- Up-to-date: /home/yujiro22/ros2_ws/install/person_msgs/share/ament_index/resource_index/package_run_dependencies/person_msgs
[0.914s] -- Up-to-date: /home/yujiro22/ros2_ws/install/person_msgs/share/ament_index/resource_index/parent_prefix_path/person_msgs
[0.914s] -- Up-to-date: /home/yujiro22/ros2_ws/install/person_msgs/share/person_msgs/environment/ament_prefix_path.sh
[0.914s] -- Up-to-date: /home/yujiro22/ros2_ws/install/person_msgs/share/person_msgs/environment/ament_prefix_path.dsv
[0.915s] -- Up-to-date: /home/yujiro22/ros2_ws/install/person_msgs/share/person_msgs/environment/path.sh
[0.915s] -- Up-to-date: /home/yujiro22/ros2_ws/install/person_msgs/share/person_msgs/environment/path.dsv
[0.916s] -- Up-to-date: /home/yujiro22/ros2_ws/install/person_msgs/share/person_msgs/local_setup.bash
[0.916s] -- Up-to-date: /home/yujiro22/ros2_ws/install/person_msgs/share/person_msgs/local_setup.sh
[0.916s] -- Up-to-date: /home/yujiro22/ros2_ws/install/person_msgs/share/person_msgs/local_setup.zsh
[0.916s] -- Up-to-date: /home/yujiro22/ros2_ws/install/person_msgs/share/person_msgs/local_setup.dsv
[0.917s] -- Installing: /home/yujiro22/ros2_ws/install/person_msgs/share/person_msgs/package.dsv
[0.917s] -- Up-to-date: /home/yujiro22/ros2_ws/install/person_msgs/share/ament_index/resource_index/packages/person_msgs
[0.917s] -- Up-to-date: /home/yujiro22/ros2_ws/install/person_msgs/share/person_msgs/cmake/export_person_msgs__rosidl_generator_cExport.cmake
[0.917s] -- Up-to-date: /home/yujiro22/ros2_ws/install/person_msgs/share/person_msgs/cmake/export_person_msgs__rosidl_generator_cExport-noconfig.cmake
[0.917s] -- Up-to-date: /home/yujiro22/ros2_ws/install/person_msgs/share/person_msgs/cmake/export_person_msgs__rosidl_typesupport_fastrtps_cExport.cmake
[0.917s] -- Up-to-date: /home/yujiro22/ros2_ws/install/person_msgs/share/person_msgs/cmake/export_person_msgs__rosidl_typesupport_fastrtps_cExport-noconfig.cmake
[0.917s] -- Up-to-date: /home/yujiro22/ros2_ws/install/person_msgs/share/person_msgs/cmake/person_msgs__rosidl_typesupport_introspection_cExport.cmake
[0.917s] -- Up-to-date: /home/yujiro22/ros2_ws/install/person_msgs/share/person_msgs/cmake/person_msgs__rosidl_typesupport_introspection_cExport-noconfig.cmake
[0.917s] -- Up-to-date: /home/yujiro22/ros2_ws/install/person_msgs/share/person_msgs/cmake/person_msgs__rosidl_typesupport_cExport.cmake
[0.918s] -- Up-to-date: /home/yujiro22/ros2_ws/install/person_msgs/share/person_msgs/cmake/person_msgs__rosidl_typesupport_cExport-noconfig.cmake
[0.918s] -- Up-to-date: /home/yujiro22/ros2_ws/install/person_msgs/share/person_msgs/cmake/export_person_msgs__rosidl_generator_cppExport.cmake
[0.918s] -- Up-to-date: /home/yujiro22/ros2_ws/install/person_msgs/share/person_msgs/cmake/export_person_msgs__rosidl_typesupport_fastrtps_cppExport.cmake
[0.918s] -- Up-to-date: /home/yujiro22/ros2_ws/install/person_msgs/share/person_msgs/cmake/export_person_msgs__rosidl_typesupport_fastrtps_cppExport-noconfig.cmake
[0.918s] -- Up-to-date: /home/yujiro22/ros2_ws/install/person_msgs/share/person_msgs/cmake/person_msgs__rosidl_typesupport_introspection_cppExport.cmake
[0.918s] -- Up-to-date: /home/yujiro22/ros2_ws/install/person_msgs/share/person_msgs/cmake/person_msgs__rosidl_typesupport_introspection_cppExport-noconfig.cmake
[0.918s] -- Up-to-date: /home/yujiro22/ros2_ws/install/person_msgs/share/person_msgs/cmake/person_msgs__rosidl_typesupport_cppExport.cmake
[0.918s] -- Up-to-date: /home/yujiro22/ros2_ws/install/person_msgs/share/person_msgs/cmake/person_msgs__rosidl_typesupport_cppExport-noconfig.cmake
[0.919s] -- Up-to-date: /home/yujiro22/ros2_ws/install/person_msgs/share/person_msgs/cmake/export_person_msgs__rosidl_generator_pyExport.cmake
[0.919s] -- Up-to-date: /home/yujiro22/ros2_ws/install/person_msgs/share/person_msgs/cmake/export_person_msgs__rosidl_generator_pyExport-noconfig.cmake
[0.966s] -- Up-to-date: /home/yujiro22/ros2_ws/install/person_msgs/share/person_msgs/cmake/rosidl_cmake-extras.cmake
[0.966s] -- Up-to-date: /home/yujiro22/ros2_ws/install/person_msgs/share/person_msgs/cmake/ament_cmake_export_include_directories-extras.cmake
[0.966s] -- Up-to-date: /home/yujiro22/ros2_ws/install/person_msgs/share/person_msgs/cmake/ament_cmake_export_libraries-extras.cmake
[0.969s] -- Up-to-date: /home/yujiro22/ros2_ws/install/person_msgs/share/person_msgs/cmake/ament_cmake_export_targets-extras.cmake
[0.972s] -- Up-to-date: /home/yujiro22/ros2_ws/install/person_msgs/share/person_msgs/cmake/rosidl_cmake_export_typesupport_targets-extras.cmake
[0.972s] -- Up-to-date: /home/yujiro22/ros2_ws/install/person_msgs/share/person_msgs/cmake/ament_cmake_export_dependencies-extras.cmake
[0.972s] -- Up-to-date: /home/yujiro22/ros2_ws/install/person_msgs/share/person_msgs/cmake/rosidl_cmake_export_typesupport_libraries-extras.cmake
[0.972s] -- Up-to-date: /home/yujiro22/ros2_ws/install/person_msgs/share/person_msgs/cmake/person_msgsConfig.cmake
[0.973s] -- Up-to-date: /home/yujiro22/ros2_ws/install/person_msgs/share/person_msgs/cmake/person_msgsConfig-version.cmake
[0.973s] -- Up-to-date: /home/yujiro22/ros2_ws/install/person_msgs/share/person_msgs/package.xml
[0.974s] Invoked command in '/home/yujiro22/ros2_ws/build/person_msgs' returned '0': CMAKE_PREFIX_PATH=${CMAKE_PREFIX_PATH}:/home/yujiro22/ros2_ws/install/mypkg:/opt/ros/humble /usr/bin/cmake --install /home/yujiro22/ros2_ws/build/person_msgs
