[0.794s] Invoking command in '/home/yujiro22/ros2_ws/src/mypkg': PYTHONPATH=/home/yujiro22/ros2_ws/build/mypkg/prefix_override:/home/yujiro22/ros2_ws/install/mypkg/lib/python3.10/site-packages:${PYTHONPATH} /usr/bin/python3 setup.py egg_info --egg-base ../../build/mypkg build --build-base /home/yujiro22/ros2_ws/build/mypkg/build install --record /home/yujiro22/ros2_ws/build/mypkg/install.log --single-version-externally-managed
[1.013s] running egg_info
[1.014s] writing ../../build/mypkg/mypkg.egg-info/PKG-INFO
[1.014s] writing dependency_links to ../../build/mypkg/mypkg.egg-info/dependency_links.txt
[1.015s] writing entry points to ../../build/mypkg/mypkg.egg-info/entry_points.txt
[1.015s] writing requirements to ../../build/mypkg/mypkg.egg-info/requires.txt
[1.015s] writing top-level names to ../../build/mypkg/mypkg.egg-info/top_level.txt
[1.018s] reading manifest file '../../build/mypkg/mypkg.egg-info/SOURCES.txt'
[1.019s] writing manifest file '../../build/mypkg/mypkg.egg-info/SOURCES.txt'
[1.019s] running build
[1.020s] running build_py
[1.020s] running install
[1.021s] /usr/lib/python3/dist-packages/setuptools/command/install.py:34: SetuptoolsDeprecationWarning: setup.py install is deprecated. Use build and pip and other standards-based tools.
[1.021s]   warnings.warn(
[1.022s] running install_lib
[1.025s] running install_data
[1.026s] copying package.xml -> /home/yujiro22/ros2_ws/install/mypkg/share/mypkg
[1.026s] running install_egg_info
[1.028s] removing '/home/yujiro22/ros2_ws/install/mypkg/lib/python3.10/site-packages/mypkg-0.0.0-py3.10.egg-info' (and everything under it)
[1.028s] Copying ../../build/mypkg/mypkg.egg-info to /home/yujiro22/ros2_ws/install/mypkg/lib/python3.10/site-packages/mypkg-0.0.0-py3.10.egg-info
[1.030s] running install_scripts
[1.053s] Installing listener script to /home/yujiro22/ros2_ws/install/mypkg/lib/mypkg
[1.053s] Installing talker script to /home/yujiro22/ros2_ws/install/mypkg/lib/mypkg
[1.053s] writing list of installed files to '/home/yujiro22/ros2_ws/build/mypkg/install.log'
[1.083s] Invoked command in '/home/yujiro22/ros2_ws/src/mypkg' returned '0': PYTHONPATH=/home/yujiro22/ros2_ws/build/mypkg/prefix_override:/home/yujiro22/ros2_ws/install/mypkg/lib/python3.10/site-packages:${PYTHONPATH} /usr/bin/python3 setup.py egg_info --egg-base ../../build/mypkg build --build-base /home/yujiro22/ros2_ws/build/mypkg/build install --record /home/yujiro22/ros2_ws/build/mypkg/install.log --single-version-externally-managed
